2021/06/30 10:46:01 [notice] 1#1: using the "epoll" event method
2021/06/30 10:46:01 [notice] 1#1: nginx/1.21.0
2021/06/30 10:46:01 [notice] 1#1: built by gcc 8.3.0 (Debian 8.3.0-6) 
2021/06/30 10:46:01 [notice] 1#1: OS: Linux 5.8.0-59-generic
2021/06/30 10:46:01 [notice] 1#1: getrlimit(RLIMIT_NOFILE): 1048576:1048576
2021/06/30 10:46:01 [notice] 1#1: start worker processes
2021/06/30 10:46:01 [notice] 1#1: start worker process 31
2021/06/30 10:46:01 [notice] 1#1: start worker process 32
2021/06/30 10:46:01 [notice] 1#1: start worker process 33
2021/06/30 12:34:50 [notice] 1#1: signal 3 (SIGQUIT) received, shutting down
2021/06/30 12:34:50 [notice] 32#32: gracefully shutting down
2021/06/30 12:34:50 [notice] 32#32: exiting
2021/06/30 12:34:50 [notice] 33#33: gracefully shutting down
2021/06/30 12:34:50 [notice] 33#33: exiting
2021/06/30 12:34:50 [notice] 32#32: exit
2021/06/30 12:34:50 [notice] 33#33: exit
2021/06/30 12:34:50 [notice] 31#31: gracefully shutting down
2021/06/30 12:34:50 [notice] 31#31: exiting
2021/06/30 12:34:50 [notice] 31#31: exit
2021/06/30 12:34:50 [notice] 1#1: signal 17 (SIGCHLD) received from 32
2021/06/30 12:34:50 [notice] 1#1: worker process 31 exited with code 0
2021/06/30 12:34:50 [notice] 1#1: worker process 32 exited with code 0
2021/06/30 12:34:50 [notice] 1#1: signal 29 (SIGIO) received
2021/06/30 12:34:50 [notice] 1#1: signal 17 (SIGCHLD) received from 33
2021/06/30 12:34:50 [notice] 1#1: worker process 33 exited with code 0
2021/06/30 12:34:50 [notice] 1#1: exit
2021/06/30 14:57:03 [notice] 1#1: using the "epoll" event method
2021/06/30 14:57:03 [notice] 1#1: nginx/1.21.0
2021/06/30 14:57:03 [notice] 1#1: built by gcc 8.3.0 (Debian 8.3.0-6) 
2021/06/30 14:57:03 [notice] 1#1: OS: Linux 5.8.0-59-generic
2021/06/30 14:57:03 [notice] 1#1: getrlimit(RLIMIT_NOFILE): 1048576:1048576
2021/06/30 14:57:03 [notice] 1#1: start worker processes
2021/06/30 14:57:03 [notice] 1#1: start worker process 33
2021/06/30 14:57:03 [notice] 1#1: start worker process 34
2021/06/30 14:57:03 [notice] 1#1: start worker process 35
2021/06/30 15:34:41 [notice] 1#1: signal 3 (SIGQUIT) received, shutting down
2021/06/30 15:34:41 [notice] 33#33: gracefully shutting down
2021/06/30 15:34:41 [notice] 34#34: gracefully shutting down
2021/06/30 15:34:41 [notice] 35#35: gracefully shutting down
2021/06/30 15:34:41 [notice] 34#34: exiting
2021/06/30 15:34:41 [notice] 33#33: exiting
2021/06/30 15:34:41 [notice] 35#35: exiting
2021/06/30 15:34:41 [notice] 33#33: exit
2021/06/30 15:34:41 [notice] 35#35: exit
2021/06/30 15:34:41 [notice] 34#34: exit
2021/06/30 15:34:42 [notice] 1#1: signal 17 (SIGCHLD) received from 35
2021/06/30 15:34:42 [notice] 1#1: worker process 33 exited with code 0
2021/06/30 15:34:42 [notice] 1#1: worker process 35 exited with code 0
2021/06/30 15:34:42 [notice] 1#1: signal 29 (SIGIO) received
2021/06/30 15:34:42 [notice] 1#1: signal 17 (SIGCHLD) received from 33
2021/06/30 15:34:42 [notice] 1#1: worker process 34 exited with code 0
2021/06/30 15:34:42 [notice] 1#1: exit
2021/06/30 15:34:45 [notice] 1#1: using the "epoll" event method
2021/06/30 15:34:45 [notice] 1#1: nginx/1.21.0
2021/06/30 15:34:45 [notice] 1#1: built by gcc 8.3.0 (Debian 8.3.0-6) 
2021/06/30 15:34:45 [notice] 1#1: OS: Linux 5.8.0-59-generic
2021/06/30 15:34:45 [notice] 1#1: getrlimit(RLIMIT_NOFILE): 1048576:1048576
2021/06/30 15:34:45 [notice] 1#1: start worker processes
2021/06/30 15:34:45 [notice] 1#1: start worker process 32
2021/06/30 15:34:45 [notice] 1#1: start worker process 33
2021/06/30 15:34:45 [notice] 1#1: start worker process 34
2021/06/30 15:35:35 [notice] 1#1: signal 3 (SIGQUIT) received, shutting down
2021/06/30 15:35:35 [notice] 32#32: gracefully shutting down
2021/06/30 15:35:35 [notice] 32#32: exiting
2021/06/30 15:35:35 [notice] 32#32: exit
2021/06/30 15:35:35 [notice] 34#34: gracefully shutting down
2021/06/30 15:35:35 [notice] 34#34: exiting
2021/06/30 15:35:35 [notice] 34#34: exit
2021/06/30 15:35:35 [notice] 33#33: gracefully shutting down
2021/06/30 15:35:35 [notice] 33#33: exiting
2021/06/30 15:35:35 [notice] 33#33: exit
2021/06/30 15:35:35 [notice] 1#1: signal 17 (SIGCHLD) received from 34
2021/06/30 15:35:35 [notice] 1#1: worker process 34 exited with code 0
2021/06/30 15:35:35 [notice] 1#1: signal 29 (SIGIO) received
2021/06/30 15:35:35 [notice] 1#1: signal 17 (SIGCHLD) received from 33
2021/06/30 15:35:35 [notice] 1#1: worker process 32 exited with code 0
2021/06/30 15:35:35 [notice] 1#1: worker process 33 exited with code 0
2021/06/30 15:35:35 [notice] 1#1: exit
2021/06/30 15:36:18 [notice] 1#1: using the "epoll" event method
2021/06/30 15:36:18 [notice] 1#1: nginx/1.21.0
2021/06/30 15:36:18 [notice] 1#1: built by gcc 8.3.0 (Debian 8.3.0-6) 
2021/06/30 15:36:18 [notice] 1#1: OS: Linux 5.8.0-59-generic
2021/06/30 15:36:18 [notice] 1#1: getrlimit(RLIMIT_NOFILE): 1048576:1048576
2021/06/30 15:36:18 [notice] 1#1: start worker processes
2021/06/30 15:36:18 [notice] 1#1: start worker process 30
2021/06/30 15:36:18 [notice] 1#1: start worker process 31
2021/06/30 15:36:18 [notice] 1#1: start worker process 32
2021/06/30 15:42:03 [notice] 1#1: signal 3 (SIGQUIT) received, shutting down
2021/06/30 15:42:03 [notice] 31#31: gracefully shutting down
2021/06/30 15:42:03 [notice] 31#31: exiting
2021/06/30 15:42:03 [notice] 30#30: gracefully shutting down
2021/06/30 15:42:03 [notice] 30#30: exiting
2021/06/30 15:42:03 [notice] 32#32: gracefully shutting down
2021/06/30 15:42:03 [notice] 32#32: exiting
2021/06/30 15:42:03 [notice] 30#30: exit
2021/06/30 15:42:03 [notice] 31#31: exit
2021/06/30 15:42:03 [notice] 32#32: exit
2021/06/30 15:42:04 [notice] 1#1: signal 17 (SIGCHLD) received from 30
2021/06/30 15:42:04 [notice] 1#1: worker process 30 exited with code 0
2021/06/30 15:42:04 [notice] 1#1: signal 29 (SIGIO) received
2021/06/30 15:42:04 [notice] 1#1: signal 17 (SIGCHLD) received from 32
2021/06/30 15:42:04 [notice] 1#1: worker process 31 exited with code 0
2021/06/30 15:42:04 [notice] 1#1: worker process 32 exited with code 0
2021/06/30 15:42:04 [notice] 1#1: exit
2021/06/30 15:43:36 [emerg] 1#1: host not found in upstream "php" in /etc/nginx/conf.d/default.conf:11
2021/06/30 15:54:17 [emerg] 1#1: host not found in upstream "php" in /etc/nginx/conf.d/default.conf:11
2021/06/30 15:56:03 [emerg] 1#1: host not found in upstream "php" in /etc/nginx/conf.d/default.conf:11
2021/06/30 16:06:51 [emerg] 1#1: host not found in upstream "php" in /etc/nginx/conf.d/default.conf:11
2021/06/30 16:10:48 [notice] 1#1: using the "epoll" event method
2021/06/30 16:10:48 [notice] 1#1: nginx/1.21.0
2021/06/30 16:10:48 [notice] 1#1: built by gcc 8.3.0 (Debian 8.3.0-6) 
2021/06/30 16:10:48 [notice] 1#1: OS: Linux 5.8.0-59-generic
2021/06/30 16:10:48 [notice] 1#1: getrlimit(RLIMIT_NOFILE): 1048576:1048576
2021/06/30 16:10:48 [notice] 1#1: start worker processes
2021/06/30 16:10:48 [notice] 1#1: start worker process 31
2021/06/30 16:10:48 [notice] 1#1: start worker process 32
2021/06/30 16:10:48 [notice] 1#1: start worker process 33
2021/06/30 16:56:28 [notice] 1#1: signal 3 (SIGQUIT) received, shutting down
2021/06/30 16:56:28 [notice] 32#32: gracefully shutting down
2021/06/30 16:56:28 [notice] 31#31: gracefully shutting down
2021/06/30 16:56:28 [notice] 32#32: exiting
2021/06/30 16:56:28 [notice] 33#33: gracefully shutting down
2021/06/30 16:56:28 [notice] 33#33: exiting
2021/06/30 16:56:28 [notice] 31#31: exiting
2021/06/30 16:56:28 [notice] 33#33: exit
2021/06/30 16:56:28 [notice] 32#32: exit
2021/06/30 16:56:28 [notice] 31#31: exit
2021/06/30 16:56:28 [notice] 1#1: signal 17 (SIGCHLD) received from 32
2021/06/30 16:56:28 [notice] 1#1: worker process 32 exited with code 0
2021/06/30 16:56:28 [notice] 1#1: signal 29 (SIGIO) received
2021/06/30 16:56:28 [notice] 1#1: signal 17 (SIGCHLD) received from 31
2021/06/30 16:56:28 [notice] 1#1: worker process 31 exited with code 0
2021/06/30 16:56:28 [notice] 1#1: signal 29 (SIGIO) received
2021/06/30 16:56:28 [notice] 1#1: signal 17 (SIGCHLD) received from 33
2021/06/30 16:56:28 [notice] 1#1: worker process 33 exited with code 0
2021/06/30 16:56:28 [notice] 1#1: exit
2021/06/30 17:09:28 [notice] 1#1: using the "epoll" event method
2021/06/30 17:09:28 [notice] 1#1: nginx/1.21.0
2021/06/30 17:09:28 [notice] 1#1: built by gcc 8.3.0 (Debian 8.3.0-6) 
2021/06/30 17:09:28 [notice] 1#1: OS: Linux 5.8.0-59-generic
2021/06/30 17:09:28 [notice] 1#1: getrlimit(RLIMIT_NOFILE): 1048576:1048576
2021/06/30 17:09:28 [notice] 1#1: start worker processes
2021/06/30 17:09:28 [notice] 1#1: start worker process 29
2021/06/30 17:09:28 [notice] 1#1: start worker process 30
2021/06/30 17:09:28 [notice] 1#1: start worker process 31
2021/06/30 19:54:43 [notice] 1#1: signal 3 (SIGQUIT) received, shutting down
2021/06/30 19:54:43 [notice] 29#29: gracefully shutting down
2021/06/30 19:54:43 [notice] 31#31: gracefully shutting down
2021/06/30 19:54:43 [notice] 31#31: exiting
2021/06/30 19:54:43 [notice] 29#29: exiting
2021/06/30 19:54:43 [notice] 30#30: gracefully shutting down
2021/06/30 19:54:43 [notice] 30#30: exiting
2021/06/30 19:54:43 [notice] 31#31: exit
2021/06/30 19:54:43 [notice] 29#29: exit
2021/06/30 19:54:43 [notice] 30#30: exit
2021/06/30 19:54:44 [notice] 1#1: signal 17 (SIGCHLD) received from 29
2021/06/30 19:54:44 [notice] 1#1: worker process 29 exited with code 0
2021/06/30 19:54:44 [notice] 1#1: signal 29 (SIGIO) received
2021/06/30 19:54:44 [notice] 1#1: signal 17 (SIGCHLD) received from 31
2021/06/30 19:54:44 [notice] 1#1: worker process 31 exited with code 0
2021/06/30 19:54:44 [notice] 1#1: signal 29 (SIGIO) received
2021/06/30 19:54:44 [notice] 1#1: signal 17 (SIGCHLD) received from 30
2021/06/30 19:54:44 [notice] 1#1: worker process 30 exited with code 0
2021/06/30 19:54:44 [notice] 1#1: exit
2021/06/30 20:05:43 [notice] 1#1: using the "epoll" event method
2021/06/30 20:05:43 [notice] 1#1: nginx/1.21.0
2021/06/30 20:05:43 [notice] 1#1: built by gcc 8.3.0 (Debian 8.3.0-6) 
2021/06/30 20:05:43 [notice] 1#1: OS: Linux 5.8.0-59-generic
2021/06/30 20:05:43 [notice] 1#1: getrlimit(RLIMIT_NOFILE): 1048576:1048576
2021/06/30 20:05:43 [notice] 1#1: start worker processes
2021/06/30 20:05:43 [notice] 1#1: start worker process 32
2021/06/30 20:05:43 [notice] 1#1: start worker process 33
2021/06/30 20:05:43 [notice] 1#1: start worker process 34
2021/06/30 20:06:26 [notice] 1#1: signal 3 (SIGQUIT) received, shutting down
2021/06/30 20:06:26 [notice] 34#34: gracefully shutting down
2021/06/30 20:06:26 [notice] 34#34: exiting
2021/06/30 20:06:26 [notice] 34#34: exit
2021/06/30 20:06:26 [notice] 33#33: gracefully shutting down
2021/06/30 20:06:26 [notice] 33#33: exiting
2021/06/30 20:06:26 [notice] 33#33: exit
2021/06/30 20:06:26 [notice] 32#32: gracefully shutting down
2021/06/30 20:06:26 [notice] 32#32: exiting
2021/06/30 20:06:26 [notice] 32#32: exit
2021/06/30 20:06:26 [notice] 1#1: signal 17 (SIGCHLD) received from 34
2021/06/30 20:06:26 [notice] 1#1: worker process 34 exited with code 0
2021/06/30 20:06:26 [notice] 1#1: signal 29 (SIGIO) received
2021/06/30 20:06:26 [notice] 1#1: signal 17 (SIGCHLD) received from 33
2021/06/30 20:06:26 [notice] 1#1: worker process 33 exited with code 0
2021/06/30 20:06:26 [notice] 1#1: signal 29 (SIGIO) received
2021/06/30 20:06:26 [notice] 1#1: signal 17 (SIGCHLD) received from 32
2021/06/30 20:06:26 [notice] 1#1: worker process 32 exited with code 0
2021/06/30 20:06:26 [notice] 1#1: exit
2021/06/30 20:07:44 [notice] 1#1: using the "epoll" event method
2021/06/30 20:07:44 [notice] 1#1: nginx/1.21.0
2021/06/30 20:07:44 [notice] 1#1: built by gcc 8.3.0 (Debian 8.3.0-6) 
2021/06/30 20:07:44 [notice] 1#1: OS: Linux 5.8.0-59-generic
2021/06/30 20:07:44 [notice] 1#1: getrlimit(RLIMIT_NOFILE): 1048576:1048576
2021/06/30 20:07:44 [notice] 1#1: start worker processes
2021/06/30 20:07:44 [notice] 1#1: start worker process 32
2021/06/30 20:07:44 [notice] 1#1: start worker process 33
2021/06/30 20:07:44 [notice] 1#1: start worker process 34
2021/06/30 20:09:43 [notice] 1#1: signal 3 (SIGQUIT) received, shutting down
2021/06/30 20:09:43 [notice] 32#32: gracefully shutting down
2021/06/30 20:09:43 [notice] 32#32: exiting
2021/06/30 20:09:43 [notice] 32#32: exit
2021/06/30 20:09:43 [notice] 33#33: gracefully shutting down
2021/06/30 20:09:43 [notice] 33#33: exiting
2021/06/30 20:09:43 [notice] 33#33: exit
2021/06/30 20:09:43 [notice] 34#34: gracefully shutting down
2021/06/30 20:09:43 [notice] 34#34: exiting
2021/06/30 20:09:43 [notice] 34#34: exit
2021/06/30 20:09:43 [notice] 1#1: signal 17 (SIGCHLD) received from 32
2021/06/30 20:09:43 [notice] 1#1: worker process 32 exited with code 0
2021/06/30 20:09:43 [notice] 1#1: signal 29 (SIGIO) received
2021/06/30 20:09:43 [notice] 1#1: signal 17 (SIGCHLD) received from 34
2021/06/30 20:09:43 [notice] 1#1: worker process 34 exited with code 0
2021/06/30 20:09:43 [notice] 1#1: signal 29 (SIGIO) received
2021/06/30 20:09:43 [notice] 1#1: signal 17 (SIGCHLD) received from 33
2021/06/30 20:09:43 [notice] 1#1: worker process 33 exited with code 0
2021/06/30 20:09:43 [notice] 1#1: exit
2021/06/30 20:09:57 [notice] 1#1: using the "epoll" event method
2021/06/30 20:09:57 [notice] 1#1: nginx/1.21.0
2021/06/30 20:09:57 [notice] 1#1: built by gcc 8.3.0 (Debian 8.3.0-6) 
2021/06/30 20:09:57 [notice] 1#1: OS: Linux 5.8.0-59-generic
2021/06/30 20:09:57 [notice] 1#1: getrlimit(RLIMIT_NOFILE): 1048576:1048576
2021/06/30 20:09:57 [notice] 1#1: start worker processes
2021/06/30 20:09:57 [notice] 1#1: start worker process 30
2021/06/30 20:09:57 [notice] 1#1: start worker process 31
2021/06/30 20:09:57 [notice] 1#1: start worker process 32
2021/07/01 10:53:49 [notice] 1#1: using the "epoll" event method
2021/07/01 10:53:49 [notice] 1#1: nginx/1.21.0
2021/07/01 10:53:49 [notice] 1#1: built by gcc 8.3.0 (Debian 8.3.0-6) 
2021/07/01 10:53:49 [notice] 1#1: OS: Linux 5.8.0-59-generic
2021/07/01 10:53:49 [notice] 1#1: getrlimit(RLIMIT_NOFILE): 1048576:1048576
2021/07/01 10:53:49 [notice] 1#1: start worker processes
2021/07/01 10:53:49 [notice] 1#1: start worker process 30
2021/07/01 10:53:49 [notice] 1#1: start worker process 31
2021/07/01 10:53:49 [notice] 1#1: start worker process 32
2021/07/01 11:28:17 [notice] 1#1: signal 3 (SIGQUIT) received, shutting down
2021/07/01 11:28:17 [notice] 30#30: gracefully shutting down
2021/07/01 11:28:17 [notice] 30#30: exiting
2021/07/01 11:28:17 [notice] 32#32: gracefully shutting down
2021/07/01 11:28:17 [notice] 31#31: gracefully shutting down
2021/07/01 11:28:17 [notice] 30#30: exit
2021/07/01 11:28:17 [notice] 32#32: exiting
2021/07/01 11:28:17 [notice] 32#32: exit
2021/07/01 11:28:17 [notice] 31#31: exiting
2021/07/01 11:28:17 [notice] 31#31: exit
2021/07/01 11:28:17 [notice] 1#1: signal 17 (SIGCHLD) received from 30
2021/07/01 11:28:17 [notice] 1#1: worker process 30 exited with code 0
2021/07/01 11:28:17 [notice] 1#1: signal 29 (SIGIO) received
2021/07/01 11:28:17 [notice] 1#1: signal 17 (SIGCHLD) received from 32
2021/07/01 11:28:17 [notice] 1#1: worker process 32 exited with code 0
2021/07/01 11:28:17 [notice] 1#1: signal 29 (SIGIO) received
2021/07/01 11:28:17 [notice] 1#1: signal 17 (SIGCHLD) received from 31
2021/07/01 11:28:17 [notice] 1#1: worker process 31 exited with code 0
2021/07/01 11:28:17 [notice] 1#1: exit
2021/07/01 11:28:31 [notice] 1#1: using the "epoll" event method
2021/07/01 11:28:31 [notice] 1#1: nginx/1.21.0
2021/07/01 11:28:31 [notice] 1#1: built by gcc 8.3.0 (Debian 8.3.0-6) 
2021/07/01 11:28:31 [notice] 1#1: OS: Linux 5.8.0-59-generic
2021/07/01 11:28:31 [notice] 1#1: getrlimit(RLIMIT_NOFILE): 1048576:1048576
2021/07/01 11:28:31 [notice] 1#1: start worker processes
2021/07/01 11:28:31 [notice] 1#1: start worker process 30
2021/07/01 11:28:31 [notice] 1#1: start worker process 31
2021/07/01 11:28:31 [notice] 1#1: start worker process 32
2021/07/01 11:39:08 [notice] 1#1: signal 3 (SIGQUIT) received, shutting down
2021/07/01 11:39:08 [notice] 32#32: gracefully shutting down
2021/07/01 11:39:08 [notice] 32#32: exiting
2021/07/01 11:39:08 [notice] 31#31: gracefully shutting down
2021/07/01 11:39:08 [notice] 31#31: exiting
2021/07/01 11:39:08 [notice] 32#32: exit
2021/07/01 11:39:08 [notice] 31#31: exit
2021/07/01 11:39:08 [notice] 30#30: gracefully shutting down
2021/07/01 11:39:08 [notice] 30#30: exiting
2021/07/01 11:39:08 [notice] 30#30: exit
2021/07/01 11:39:08 [notice] 1#1: signal 17 (SIGCHLD) received from 30
2021/07/01 11:39:08 [notice] 1#1: worker process 30 exited with code 0
2021/07/01 11:39:08 [notice] 1#1: signal 29 (SIGIO) received
2021/07/01 11:39:08 [notice] 1#1: signal 17 (SIGCHLD) received from 31
2021/07/01 11:39:08 [notice] 1#1: worker process 31 exited with code 0
2021/07/01 11:39:08 [notice] 1#1: signal 29 (SIGIO) received
2021/07/01 11:39:08 [notice] 1#1: signal 17 (SIGCHLD) received from 32
2021/07/01 11:39:08 [notice] 1#1: worker process 32 exited with code 0
2021/07/01 11:39:08 [notice] 1#1: exit
2021/07/01 11:39:20 [notice] 1#1: using the "epoll" event method
2021/07/01 11:39:20 [notice] 1#1: nginx/1.21.0
2021/07/01 11:39:20 [notice] 1#1: built by gcc 8.3.0 (Debian 8.3.0-6) 
2021/07/01 11:39:20 [notice] 1#1: OS: Linux 5.8.0-59-generic
2021/07/01 11:39:20 [notice] 1#1: getrlimit(RLIMIT_NOFILE): 1048576:1048576
2021/07/01 11:39:20 [notice] 1#1: start worker processes
2021/07/01 11:39:20 [notice] 1#1: start worker process 30
2021/07/01 11:39:20 [notice] 1#1: start worker process 31
2021/07/01 11:39:20 [notice] 1#1: start worker process 32
2021/07/01 11:41:24 [notice] 1#1: signal 3 (SIGQUIT) received, shutting down
2021/07/01 11:41:24 [notice] 30#30: gracefully shutting down
2021/07/01 11:41:24 [notice] 30#30: exiting
2021/07/01 11:41:24 [notice] 30#30: exit
2021/07/01 11:41:24 [notice] 31#31: gracefully shutting down
2021/07/01 11:41:24 [notice] 31#31: exiting
2021/07/01 11:41:24 [notice] 31#31: exit
2021/07/01 11:41:24 [notice] 32#32: gracefully shutting down
2021/07/01 11:41:24 [notice] 32#32: exiting
2021/07/01 11:41:24 [notice] 32#32: exit
2021/07/01 11:41:24 [notice] 1#1: signal 17 (SIGCHLD) received from 30
2021/07/01 11:41:24 [notice] 1#1: worker process 30 exited with code 0
2021/07/01 11:41:24 [notice] 1#1: signal 29 (SIGIO) received
2021/07/01 11:41:24 [notice] 1#1: signal 17 (SIGCHLD) received from 32
2021/07/01 11:41:24 [notice] 1#1: worker process 32 exited with code 0
2021/07/01 11:41:24 [notice] 1#1: signal 29 (SIGIO) received
2021/07/01 11:41:24 [notice] 1#1: signal 17 (SIGCHLD) received from 31
2021/07/01 11:41:24 [notice] 1#1: worker process 31 exited with code 0
2021/07/01 11:41:24 [notice] 1#1: exit
2021/07/02 17:03:24 [notice] 1#1: using the "epoll" event method
2021/07/02 17:03:24 [notice] 1#1: nginx/1.21.0
2021/07/02 17:03:24 [notice] 1#1: built by gcc 8.3.0 (Debian 8.3.0-6) 
2021/07/02 17:03:24 [notice] 1#1: OS: Linux 5.8.0-59-generic
2021/07/02 17:03:24 [notice] 1#1: getrlimit(RLIMIT_NOFILE): 1048576:1048576
2021/07/02 17:03:24 [notice] 1#1: start worker processes
2021/07/02 17:03:24 [notice] 1#1: start worker process 29
2021/07/02 17:03:24 [notice] 1#1: start worker process 30
2021/07/02 17:03:24 [notice] 1#1: start worker process 31
2021/07/02 17:03:24 [notice] 1#1: start worker process 32
2021/07/02 17:20:04 [notice] 1#1: signal 3 (SIGQUIT) received, shutting down
2021/07/02 17:20:04 [notice] 30#30: gracefully shutting down
2021/07/02 17:20:04 [notice] 30#30: exiting
2021/07/02 17:20:04 [notice] 32#32: gracefully shutting down
2021/07/02 17:20:04 [notice] 32#32: exiting
2021/07/02 17:20:04 [notice] 31#31: gracefully shutting down
2021/07/02 17:20:04 [notice] 31#31: exiting
2021/07/02 17:20:04 [notice] 30#30: exit
2021/07/02 17:20:04 [notice] 32#32: exit
2021/07/02 17:20:04 [notice] 29#29: gracefully shutting down
2021/07/02 17:20:04 [notice] 29#29: exiting
2021/07/02 17:20:04 [notice] 29#29: exit
2021/07/02 17:20:04 [notice] 31#31: exit
2021/07/02 17:20:04 [notice] 1#1: signal 17 (SIGCHLD) received from 32
2021/07/02 17:20:04 [notice] 1#1: worker process 30 exited with code 0
2021/07/02 17:20:04 [notice] 1#1: worker process 31 exited with code 0
2021/07/02 17:20:04 [notice] 1#1: worker process 32 exited with code 0
2021/07/02 17:20:04 [notice] 1#1: signal 29 (SIGIO) received
2021/07/02 17:20:04 [notice] 1#1: signal 17 (SIGCHLD) received from 31
2021/07/02 17:20:04 [notice] 1#1: worker process 29 exited with code 0
2021/07/02 17:20:04 [notice] 1#1: exit
2021/07/02 17:20:14 [notice] 1#1: using the "epoll" event method
2021/07/02 17:20:14 [notice] 1#1: nginx/1.21.0
2021/07/02 17:20:14 [notice] 1#1: built by gcc 8.3.0 (Debian 8.3.0-6) 
2021/07/02 17:20:14 [notice] 1#1: OS: Linux 5.8.0-59-generic
2021/07/02 17:20:14 [notice] 1#1: getrlimit(RLIMIT_NOFILE): 1048576:1048576
2021/07/02 17:20:14 [notice] 1#1: start worker processes
2021/07/02 17:20:14 [notice] 1#1: start worker process 31
2021/07/02 17:20:14 [notice] 1#1: start worker process 32
2021/07/02 17:20:14 [notice] 1#1: start worker process 33
2021/07/02 17:20:14 [notice] 1#1: start worker process 34
2021/07/02 17:27:32 [notice] 1#1: signal 3 (SIGQUIT) received, shutting down
2021/07/02 17:27:32 [notice] 34#34: gracefully shutting down
2021/07/02 17:27:32 [notice] 33#33: gracefully shutting down
2021/07/02 17:27:32 [notice] 32#32: gracefully shutting down
2021/07/02 17:27:32 [notice] 33#33: exiting
2021/07/02 17:27:32 [notice] 34#34: exiting
2021/07/02 17:27:32 [notice] 32#32: exiting
2021/07/02 17:27:32 [notice] 34#34: exit
2021/07/02 17:27:32 [notice] 32#32: exit
2021/07/02 17:27:32 [notice] 33#33: exit
2021/07/02 17:27:32 [notice] 31#31: gracefully shutting down
2021/07/02 17:27:32 [notice] 31#31: exiting
2021/07/02 17:27:32 [notice] 31#31: exit
2021/07/02 17:27:32 [notice] 1#1: signal 17 (SIGCHLD) received from 31
2021/07/02 17:27:32 [notice] 1#1: worker process 31 exited with code 0
2021/07/02 17:27:32 [notice] 1#1: worker process 33 exited with code 0
2021/07/02 17:27:32 [notice] 1#1: worker process 34 exited with code 0
2021/07/02 17:27:32 [notice] 1#1: signal 17 (SIGCHLD) received from 33
2021/07/02 17:27:32 [notice] 1#1: worker process 32 exited with code 0
2021/07/02 17:27:32 [notice] 1#1: exit
2021/07/02 17:27:34 [notice] 1#1: using the "epoll" event method
2021/07/02 17:27:34 [notice] 1#1: nginx/1.21.0
2021/07/02 17:27:34 [notice] 1#1: built by gcc 8.3.0 (Debian 8.3.0-6) 
2021/07/02 17:27:34 [notice] 1#1: OS: Linux 5.8.0-59-generic
2021/07/02 17:27:34 [notice] 1#1: getrlimit(RLIMIT_NOFILE): 1048576:1048576
2021/07/02 17:27:34 [notice] 1#1: start worker processes
2021/07/02 17:27:34 [notice] 1#1: start worker process 31
2021/07/02 17:27:34 [notice] 1#1: start worker process 32
2021/07/02 17:27:34 [notice] 1#1: start worker process 33
2021/07/02 17:27:34 [notice] 1#1: start worker process 34
2021/07/02 17:28:42 [notice] 1#1: signal 3 (SIGQUIT) received, shutting down
2021/07/02 17:28:42 [notice] 31#31: gracefully shutting down
2021/07/02 17:28:42 [notice] 31#31: exiting
2021/07/02 17:28:42 [notice] 31#31: exit
2021/07/02 17:28:42 [notice] 34#34: gracefully shutting down
2021/07/02 17:28:42 [notice] 34#34: exiting
2021/07/02 17:28:42 [notice] 34#34: exit
2021/07/02 17:28:42 [notice] 32#32: gracefully shutting down
2021/07/02 17:28:42 [notice] 32#32: exiting
2021/07/02 17:28:42 [notice] 32#32: exit
2021/07/02 17:28:42 [notice] 33#33: gracefully shutting down
2021/07/02 17:28:42 [notice] 33#33: exiting
2021/07/02 17:28:42 [notice] 33#33: exit
2021/07/02 17:28:42 [notice] 1#1: signal 17 (SIGCHLD) received from 31
2021/07/02 17:28:42 [notice] 1#1: worker process 31 exited with code 0
2021/07/02 17:28:42 [notice] 1#1: signal 29 (SIGIO) received
2021/07/02 17:28:42 [notice] 1#1: signal 17 (SIGCHLD) received from 34
2021/07/02 17:28:42 [notice] 1#1: worker process 34 exited with code 0
2021/07/02 17:28:42 [notice] 1#1: signal 29 (SIGIO) received
2021/07/02 17:28:42 [notice] 1#1: signal 17 (SIGCHLD) received from 32
2021/07/02 17:28:42 [notice] 1#1: worker process 32 exited with code 0
2021/07/02 17:28:42 [notice] 1#1: signal 29 (SIGIO) received
2021/07/02 17:28:42 [notice] 1#1: signal 17 (SIGCHLD) received from 33
2021/07/02 17:28:42 [notice] 1#1: worker process 33 exited with code 0
2021/07/02 17:28:42 [notice] 1#1: exit
2021/07/02 17:32:27 [notice] 1#1: using the "epoll" event method
2021/07/02 17:32:27 [notice] 1#1: nginx/1.21.0
2021/07/02 17:32:27 [notice] 1#1: built by gcc 8.3.0 (Debian 8.3.0-6) 
2021/07/02 17:32:27 [notice] 1#1: OS: Linux 5.8.0-59-generic
2021/07/02 17:32:27 [notice] 1#1: getrlimit(RLIMIT_NOFILE): 1048576:1048576
2021/07/02 17:32:27 [notice] 1#1: start worker processes
2021/07/02 17:32:27 [notice] 1#1: start worker process 31
2021/07/02 17:32:27 [notice] 1#1: start worker process 32
2021/07/02 17:32:27 [notice] 1#1: start worker process 33
2021/07/02 17:32:27 [notice] 1#1: start worker process 34
2021/07/02 17:35:16 [notice] 1#1: signal 3 (SIGQUIT) received, shutting down
2021/07/02 17:35:16 [notice] 33#33: gracefully shutting down
2021/07/02 17:35:16 [notice] 33#33: exiting
2021/07/02 17:35:16 [notice] 33#33: exit
2021/07/02 17:35:16 [notice] 32#32: gracefully shutting down
2021/07/02 17:35:16 [notice] 32#32: exiting
2021/07/02 17:35:16 [notice] 32#32: exit
2021/07/02 17:35:16 [notice] 34#34: gracefully shutting down
2021/07/02 17:35:16 [notice] 34#34: exiting
2021/07/02 17:35:16 [notice] 34#34: exit
2021/07/02 17:35:16 [notice] 31#31: gracefully shutting down
2021/07/02 17:35:16 [notice] 31#31: exiting
2021/07/02 17:35:16 [notice] 31#31: exit
2021/07/02 17:35:16 [notice] 1#1: signal 17 (SIGCHLD) received from 32
2021/07/02 17:35:16 [notice] 1#1: worker process 32 exited with code 0
2021/07/02 17:35:16 [notice] 1#1: signal 29 (SIGIO) received
2021/07/02 17:35:16 [notice] 1#1: signal 17 (SIGCHLD) received from 33
2021/07/02 17:35:16 [notice] 1#1: worker process 33 exited with code 0
2021/07/02 17:35:16 [notice] 1#1: worker process 34 exited with code 0
2021/07/02 17:35:16 [notice] 1#1: signal 29 (SIGIO) received
2021/07/02 17:35:16 [notice] 1#1: signal 17 (SIGCHLD) received from 34
2021/07/02 17:35:16 [notice] 1#1: signal 17 (SIGCHLD) received from 31
2021/07/02 17:35:16 [notice] 1#1: worker process 31 exited with code 0
2021/07/02 17:35:16 [notice] 1#1: exit
2021/07/02 17:35:17 [notice] 1#1: using the "epoll" event method
2021/07/02 17:35:17 [notice] 1#1: nginx/1.21.0
2021/07/02 17:35:17 [notice] 1#1: built by gcc 8.3.0 (Debian 8.3.0-6) 
2021/07/02 17:35:17 [notice] 1#1: OS: Linux 5.8.0-59-generic
2021/07/02 17:35:17 [notice] 1#1: getrlimit(RLIMIT_NOFILE): 1048576:1048576
2021/07/02 17:35:17 [notice] 1#1: start worker processes
2021/07/02 17:35:17 [notice] 1#1: start worker process 31
2021/07/02 17:35:17 [notice] 1#1: start worker process 32
2021/07/02 17:35:17 [notice] 1#1: start worker process 33
2021/07/02 17:35:17 [notice] 1#1: start worker process 34
2021/07/02 17:36:03 [notice] 1#1: signal 3 (SIGQUIT) received, shutting down
2021/07/02 17:36:03 [notice] 31#31: gracefully shutting down
2021/07/02 17:36:03 [notice] 34#34: gracefully shutting down
2021/07/02 17:36:03 [notice] 31#31: exiting
2021/07/02 17:36:03 [notice] 34#34: exiting
2021/07/02 17:36:03 [notice] 34#34: exit
2021/07/02 17:36:03 [notice] 31#31: exit
2021/07/02 17:36:03 [notice] 32#32: gracefully shutting down
2021/07/02 17:36:03 [notice] 32#32: exiting
2021/07/02 17:36:03 [notice] 32#32: exit
2021/07/02 17:36:03 [notice] 33#33: gracefully shutting down
2021/07/02 17:36:03 [notice] 33#33: exiting
2021/07/02 17:36:03 [notice] 33#33: exit
2021/07/02 17:36:03 [notice] 1#1: signal 17 (SIGCHLD) received from 34
2021/07/02 17:36:03 [notice] 1#1: worker process 31 exited with code 0
2021/07/02 17:36:03 [notice] 1#1: worker process 32 exited with code 0
2021/07/02 17:36:03 [notice] 1#1: worker process 33 exited with code 0
2021/07/02 17:36:03 [notice] 1#1: worker process 34 exited with code 0
2021/07/02 17:36:03 [notice] 1#1: exit
2021/07/02 17:36:05 [notice] 1#1: using the "epoll" event method
2021/07/02 17:36:05 [notice] 1#1: nginx/1.21.0
2021/07/02 17:36:05 [notice] 1#1: built by gcc 8.3.0 (Debian 8.3.0-6) 
2021/07/02 17:36:05 [notice] 1#1: OS: Linux 5.8.0-59-generic
2021/07/02 17:36:05 [notice] 1#1: getrlimit(RLIMIT_NOFILE): 1048576:1048576
2021/07/02 17:36:05 [notice] 1#1: start worker processes
2021/07/02 17:36:05 [notice] 1#1: start worker process 30
2021/07/02 17:36:05 [notice] 1#1: start worker process 31
2021/07/02 17:36:05 [notice] 1#1: start worker process 32
2021/07/02 17:36:05 [notice] 1#1: start worker process 33
2021/07/02 17:38:39 [notice] 1#1: signal 3 (SIGQUIT) received, shutting down
2021/07/02 17:38:39 [notice] 31#31: gracefully shutting down
2021/07/02 17:38:39 [notice] 31#31: exiting
2021/07/02 17:38:39 [notice] 31#31: exit
2021/07/02 17:38:39 [notice] 33#33: gracefully shutting down
2021/07/02 17:38:39 [notice] 33#33: exiting
2021/07/02 17:38:39 [notice] 30#30: gracefully shutting down
2021/07/02 17:38:39 [notice] 33#33: exit
2021/07/02 17:38:39 [notice] 30#30: exiting
2021/07/02 17:38:39 [notice] 30#30: exit
2021/07/02 17:38:39 [notice] 32#32: gracefully shutting down
2021/07/02 17:38:39 [notice] 32#32: exiting
2021/07/02 17:38:39 [notice] 32#32: exit
2021/07/02 17:38:39 [notice] 1#1: signal 17 (SIGCHLD) received from 33
2021/07/02 17:38:39 [notice] 1#1: worker process 33 exited with code 0
2021/07/02 17:38:39 [notice] 1#1: signal 29 (SIGIO) received
2021/07/02 17:38:39 [notice] 1#1: signal 17 (SIGCHLD) received from 31
2021/07/02 17:38:39 [notice] 1#1: worker process 31 exited with code 0
2021/07/02 17:38:39 [notice] 1#1: signal 29 (SIGIO) received
2021/07/02 17:38:39 [notice] 1#1: signal 17 (SIGCHLD) received from 32
2021/07/02 17:38:39 [notice] 1#1: worker process 32 exited with code 0
2021/07/02 17:38:39 [notice] 1#1: signal 29 (SIGIO) received
2021/07/02 17:38:39 [notice] 1#1: signal 17 (SIGCHLD) received from 30
2021/07/02 17:38:39 [notice] 1#1: worker process 30 exited with code 0
2021/07/02 17:38:39 [notice] 1#1: exit
2021/07/02 17:38:53 [notice] 1#1: using the "epoll" event method
2021/07/02 17:38:53 [notice] 1#1: nginx/1.21.0
2021/07/02 17:38:53 [notice] 1#1: built by gcc 8.3.0 (Debian 8.3.0-6) 
2021/07/02 17:38:53 [notice] 1#1: OS: Linux 5.8.0-59-generic
2021/07/02 17:38:53 [notice] 1#1: getrlimit(RLIMIT_NOFILE): 1048576:1048576
2021/07/02 17:38:53 [notice] 1#1: start worker processes
2021/07/02 17:38:53 [notice] 1#1: start worker process 33
2021/07/02 17:38:53 [notice] 1#1: start worker process 34
2021/07/02 17:38:53 [notice] 1#1: start worker process 35
2021/07/02 17:38:53 [notice] 1#1: start worker process 36
2021/07/02 17:43:08 [notice] 1#1: signal 3 (SIGQUIT) received, shutting down
2021/07/02 17:43:08 [notice] 34#34: gracefully shutting down
2021/07/02 17:43:08 [notice] 35#35: gracefully shutting down
2021/07/02 17:43:08 [notice] 34#34: exiting
2021/07/02 17:43:08 [notice] 35#35: exiting
2021/07/02 17:43:08 [notice] 34#34: exit
2021/07/02 17:43:08 [notice] 35#35: exit
2021/07/02 17:43:08 [notice] 36#36: gracefully shutting down
2021/07/02 17:43:08 [notice] 36#36: exiting
2021/07/02 17:43:08 [notice] 36#36: exit
2021/07/02 17:43:08 [notice] 33#33: gracefully shutting down
2021/07/02 17:43:08 [notice] 33#33: exiting
2021/07/02 17:43:08 [notice] 33#33: exit
2021/07/02 17:43:08 [notice] 1#1: signal 17 (SIGCHLD) received from 36
2021/07/02 17:43:08 [notice] 1#1: worker process 34 exited with code 0
2021/07/02 17:43:08 [notice] 1#1: worker process 36 exited with code 0
2021/07/02 17:43:08 [notice] 1#1: signal 29 (SIGIO) received
2021/07/02 17:43:08 [notice] 1#1: signal 17 (SIGCHLD) received from 35
2021/07/02 17:43:08 [notice] 1#1: worker process 35 exited with code 0
2021/07/02 17:43:08 [notice] 1#1: signal 29 (SIGIO) received
2021/07/02 17:43:08 [notice] 1#1: signal 17 (SIGCHLD) received from 33
2021/07/02 17:43:08 [notice] 1#1: worker process 33 exited with code 0
2021/07/02 17:43:08 [notice] 1#1: exit
2021/07/02 17:43:09 [notice] 1#1: using the "epoll" event method
2021/07/02 17:43:09 [notice] 1#1: nginx/1.21.0
2021/07/02 17:43:09 [notice] 1#1: built by gcc 8.3.0 (Debian 8.3.0-6) 
2021/07/02 17:43:09 [notice] 1#1: OS: Linux 5.8.0-59-generic
2021/07/02 17:43:09 [notice] 1#1: getrlimit(RLIMIT_NOFILE): 1048576:1048576
2021/07/02 17:43:09 [notice] 1#1: start worker processes
2021/07/02 17:43:09 [notice] 1#1: start worker process 34
2021/07/02 17:43:09 [notice] 1#1: start worker process 35
2021/07/02 17:43:09 [notice] 1#1: start worker process 36
2021/07/02 17:43:09 [notice] 1#1: start worker process 37
2021/07/02 19:20:39 [notice] 1#1: signal 3 (SIGQUIT) received, shutting down
2021/07/02 19:20:39 [notice] 37#37: gracefully shutting down
2021/07/02 19:20:39 [notice] 35#35: gracefully shutting down
2021/07/02 19:20:39 [notice] 36#36: gracefully shutting down
2021/07/02 19:20:39 [notice] 34#34: gracefully shutting down
2021/07/02 19:20:39 [notice] 37#37: exiting
2021/07/02 19:20:39 [notice] 35#35: exiting
2021/07/02 19:20:39 [notice] 36#36: exiting
2021/07/02 19:20:39 [notice] 34#34: exiting
2021/07/02 19:20:39 [notice] 37#37: exit
2021/07/02 19:20:39 [notice] 35#35: exit
2021/07/02 19:20:39 [notice] 36#36: exit
2021/07/02 19:20:39 [notice] 34#34: exit
2021/07/02 19:20:39 [notice] 1#1: signal 17 (SIGCHLD) received from 37
2021/07/02 19:20:39 [notice] 1#1: worker process 34 exited with code 0
2021/07/02 19:20:39 [notice] 1#1: worker process 35 exited with code 0
2021/07/02 19:20:39 [notice] 1#1: worker process 37 exited with code 0
2021/07/02 19:20:39 [notice] 1#1: signal 29 (SIGIO) received
2021/07/02 19:20:39 [notice] 1#1: signal 17 (SIGCHLD) received from 36
2021/07/02 19:20:39 [notice] 1#1: worker process 36 exited with code 0
2021/07/02 19:20:39 [notice] 1#1: exit
2021/07/02 19:20:53 [notice] 1#1: using the "epoll" event method
2021/07/02 19:20:53 [notice] 1#1: nginx/1.21.0
2021/07/02 19:20:53 [notice] 1#1: built by gcc 8.3.0 (Debian 8.3.0-6) 
2021/07/02 19:20:53 [notice] 1#1: OS: Linux 5.8.0-59-generic
2021/07/02 19:20:53 [notice] 1#1: getrlimit(RLIMIT_NOFILE): 1048576:1048576
2021/07/02 19:20:53 [notice] 1#1: start worker processes
2021/07/02 19:20:53 [notice] 1#1: start worker process 30
2021/07/02 19:20:53 [notice] 1#1: start worker process 31
2021/07/02 19:20:53 [notice] 1#1: start worker process 32
2021/07/02 19:20:53 [notice] 1#1: start worker process 33
2021/07/02 19:36:56 [notice] 1#1: signal 3 (SIGQUIT) received, shutting down
2021/07/02 19:36:56 [notice] 32#32: gracefully shutting down
2021/07/02 19:36:56 [notice] 32#32: exiting
2021/07/02 19:36:56 [notice] 32#32: exit
2021/07/02 19:36:56 [notice] 31#31: gracefully shutting down
2021/07/02 19:36:56 [notice] 31#31: exiting
2021/07/02 19:36:56 [notice] 31#31: exit
2021/07/02 19:36:56 [notice] 33#33: gracefully shutting down
2021/07/02 19:36:56 [notice] 33#33: exiting
2021/07/02 19:36:56 [notice] 33#33: exit
2021/07/02 19:36:56 [notice] 30#30: gracefully shutting down
2021/07/02 19:36:56 [notice] 30#30: exiting
2021/07/02 19:36:56 [notice] 30#30: exit
2021/07/02 19:36:56 [notice] 1#1: signal 17 (SIGCHLD) received from 33
2021/07/02 19:36:56 [notice] 1#1: worker process 33 exited with code 0
2021/07/02 19:36:56 [notice] 1#1: signal 29 (SIGIO) received
2021/07/02 19:36:56 [notice] 1#1: signal 17 (SIGCHLD) received from 31
2021/07/02 19:36:56 [notice] 1#1: worker process 31 exited with code 0
2021/07/02 19:36:56 [notice] 1#1: worker process 32 exited with code 0
2021/07/02 19:36:56 [notice] 1#1: signal 29 (SIGIO) received
2021/07/02 19:36:56 [notice] 1#1: signal 17 (SIGCHLD) received from 30
2021/07/02 19:36:56 [notice] 1#1: worker process 30 exited with code 0
2021/07/02 19:36:56 [notice] 1#1: exit
2021/07/03 11:45:57 [notice] 1#1: using the "epoll" event method
2021/07/03 11:45:57 [notice] 1#1: nginx/1.21.0
2021/07/03 11:45:57 [notice] 1#1: built by gcc 8.3.0 (Debian 8.3.0-6) 
2021/07/03 11:45:57 [notice] 1#1: OS: Linux 5.8.0-59-generic
2021/07/03 11:45:57 [notice] 1#1: getrlimit(RLIMIT_NOFILE): 1048576:1048576
2021/07/03 11:45:57 [notice] 1#1: start worker processes
2021/07/03 11:45:57 [notice] 1#1: start worker process 30
2021/07/03 11:45:57 [notice] 1#1: start worker process 31
2021/07/03 11:45:57 [notice] 1#1: start worker process 32
2021/07/03 11:45:57 [notice] 1#1: start worker process 33
2021/07/03 11:46:14 [notice] 1#1: signal 3 (SIGQUIT) received, shutting down
2021/07/03 11:46:14 [notice] 31#31: gracefully shutting down
2021/07/03 11:46:14 [notice] 31#31: exiting
2021/07/03 11:46:14 [notice] 31#31: exit
2021/07/03 11:46:14 [notice] 30#30: gracefully shutting down
2021/07/03 11:46:14 [notice] 30#30: exiting
2021/07/03 11:46:14 [notice] 32#32: gracefully shutting down
2021/07/03 11:46:14 [notice] 30#30: exit
2021/07/03 11:46:14 [notice] 32#32: exiting
2021/07/03 11:46:14 [notice] 32#32: exit
2021/07/03 11:46:14 [notice] 33#33: gracefully shutting down
2021/07/03 11:46:14 [notice] 33#33: exiting
2021/07/03 11:46:14 [notice] 33#33: exit
2021/07/03 11:46:14 [notice] 1#1: signal 17 (SIGCHLD) received from 30
2021/07/03 11:46:14 [notice] 1#1: worker process 30 exited with code 0
2021/07/03 11:46:14 [notice] 1#1: worker process 31 exited with code 0
2021/07/03 11:46:14 [notice] 1#1: signal 29 (SIGIO) received
2021/07/03 11:46:14 [notice] 1#1: signal 17 (SIGCHLD) received from 32
2021/07/03 11:46:14 [notice] 1#1: worker process 32 exited with code 0
2021/07/03 11:46:14 [notice] 1#1: worker process 33 exited with code 0
2021/07/03 11:46:14 [notice] 1#1: exit
2021/07/03 11:46:25 [notice] 1#1: using the "epoll" event method
2021/07/03 11:46:25 [notice] 1#1: nginx/1.21.0
2021/07/03 11:46:25 [notice] 1#1: built by gcc 8.3.0 (Debian 8.3.0-6) 
2021/07/03 11:46:25 [notice] 1#1: OS: Linux 5.8.0-59-generic
2021/07/03 11:46:25 [notice] 1#1: getrlimit(RLIMIT_NOFILE): 1048576:1048576
2021/07/03 11:46:25 [notice] 1#1: start worker processes
2021/07/03 11:46:25 [notice] 1#1: start worker process 30
2021/07/03 11:46:25 [notice] 1#1: start worker process 31
2021/07/03 11:46:25 [notice] 1#1: start worker process 32
2021/07/03 11:46:25 [notice] 1#1: start worker process 33
2021/07/03 11:47:15 [notice] 1#1: signal 3 (SIGQUIT) received, shutting down
2021/07/03 11:47:15 [notice] 30#30: gracefully shutting down
2021/07/03 11:47:15 [notice] 33#33: gracefully shutting down
2021/07/03 11:47:15 [notice] 31#31: gracefully shutting down
2021/07/03 11:47:15 [notice] 30#30: exiting
2021/07/03 11:47:15 [notice] 33#33: exiting
2021/07/03 11:47:15 [notice] 31#31: exiting
2021/07/03 11:47:15 [notice] 30#30: exit
2021/07/03 11:47:15 [notice] 31#31: exit
2021/07/03 11:47:15 [notice] 33#33: exit
2021/07/03 11:47:15 [notice] 32#32: gracefully shutting down
2021/07/03 11:47:15 [notice] 32#32: exiting
2021/07/03 11:47:15 [notice] 32#32: exit
2021/07/03 11:47:15 [notice] 1#1: signal 17 (SIGCHLD) received from 33
2021/07/03 11:47:15 [notice] 1#1: worker process 33 exited with code 0
2021/07/03 11:47:15 [notice] 1#1: signal 29 (SIGIO) received
2021/07/03 11:47:15 [notice] 1#1: signal 17 (SIGCHLD) received from 31
2021/07/03 11:47:15 [notice] 1#1: worker process 31 exited with code 0
2021/07/03 11:47:15 [notice] 1#1: signal 29 (SIGIO) received
2021/07/03 11:47:15 [notice] 1#1: signal 17 (SIGCHLD) received from 32
2021/07/03 11:47:15 [notice] 1#1: worker process 32 exited with code 0
2021/07/03 11:47:15 [notice] 1#1: signal 29 (SIGIO) received
2021/07/03 11:47:15 [notice] 1#1: signal 17 (SIGCHLD) received from 30
2021/07/03 11:47:15 [notice] 1#1: worker process 30 exited with code 0
2021/07/03 11:47:15 [notice] 1#1: exit
2021/07/03 11:47:24 [notice] 1#1: using the "epoll" event method
2021/07/03 11:47:24 [notice] 1#1: nginx/1.21.0
2021/07/03 11:47:24 [notice] 1#1: built by gcc 8.3.0 (Debian 8.3.0-6) 
2021/07/03 11:47:24 [notice] 1#1: OS: Linux 5.8.0-59-generic
2021/07/03 11:47:24 [notice] 1#1: getrlimit(RLIMIT_NOFILE): 1048576:1048576
2021/07/03 11:47:24 [notice] 1#1: start worker processes
2021/07/03 11:47:24 [notice] 1#1: start worker process 31
2021/07/03 11:47:24 [notice] 1#1: start worker process 32
2021/07/03 11:47:24 [notice] 1#1: start worker process 33
2021/07/03 11:47:24 [notice] 1#1: start worker process 34
2021/07/03 12:35:00 [notice] 1#1: signal 3 (SIGQUIT) received, shutting down
2021/07/03 12:35:00 [notice] 34#34: gracefully shutting down
2021/07/03 12:35:00 [notice] 34#34: exiting
2021/07/03 12:35:00 [notice] 32#32: gracefully shutting down
2021/07/03 12:35:00 [notice] 32#32: exiting
2021/07/03 12:35:00 [notice] 33#33: gracefully shutting down
2021/07/03 12:35:00 [notice] 33#33: exiting
2021/07/03 12:35:00 [notice] 34#34: exit
2021/07/03 12:35:01 [notice] 31#31: gracefully shutting down
2021/07/03 12:35:01 [notice] 31#31: exiting
2021/07/03 12:35:01 [notice] 31#31: exit
2021/07/03 12:35:00 [notice] 32#32: exit
2021/07/03 12:35:00 [notice] 33#33: exit
2021/07/03 12:35:01 [notice] 1#1: signal 17 (SIGCHLD) received from 34
2021/07/03 12:35:01 [notice] 1#1: worker process 34 exited with code 0
2021/07/03 12:35:01 [notice] 1#1: signal 29 (SIGIO) received
2021/07/03 12:35:01 [notice] 1#1: signal 17 (SIGCHLD) received from 33
2021/07/03 12:35:01 [notice] 1#1: worker process 31 exited with code 0
2021/07/03 12:35:01 [notice] 1#1: worker process 33 exited with code 0
2021/07/03 12:35:01 [notice] 1#1: signal 29 (SIGIO) received
2021/07/03 12:35:01 [notice] 1#1: signal 17 (SIGCHLD) received from 32
2021/07/03 12:35:01 [notice] 1#1: worker process 32 exited with code 0
2021/07/03 12:35:01 [notice] 1#1: exit
2021/07/03 12:35:38 [notice] 1#1: using the "epoll" event method
2021/07/03 12:35:38 [notice] 1#1: nginx/1.21.0
2021/07/03 12:35:38 [notice] 1#1: built by gcc 8.3.0 (Debian 8.3.0-6) 
2021/07/03 12:35:38 [notice] 1#1: OS: Linux 5.8.0-59-generic
2021/07/03 12:35:38 [notice] 1#1: getrlimit(RLIMIT_NOFILE): 1048576:1048576
2021/07/03 12:35:38 [notice] 1#1: start worker processes
2021/07/03 12:35:38 [notice] 1#1: start worker process 30
2021/07/03 12:35:38 [notice] 1#1: start worker process 31
2021/07/03 12:35:38 [notice] 1#1: start worker process 32
2021/07/03 12:35:38 [notice] 1#1: start worker process 33
2021/07/03 12:48:34 [notice] 1#1: signal 3 (SIGQUIT) received, shutting down
2021/07/03 12:48:34 [notice] 30#30: gracefully shutting down
2021/07/03 12:48:34 [notice] 30#30: exiting
2021/07/03 12:48:34 [notice] 30#30: exit
2021/07/03 12:48:34 [notice] 32#32: gracefully shutting down
2021/07/03 12:48:34 [notice] 32#32: exiting
2021/07/03 12:48:34 [notice] 31#31: gracefully shutting down
2021/07/03 12:48:34 [notice] 32#32: exit
2021/07/03 12:48:34 [notice] 31#31: exiting
2021/07/03 12:48:34 [notice] 31#31: exit
2021/07/03 12:48:34 [notice] 33#33: gracefully shutting down
2021/07/03 12:48:34 [notice] 33#33: exiting
2021/07/03 12:48:34 [notice] 33#33: exit
2021/07/03 12:48:35 [notice] 1#1: signal 17 (SIGCHLD) received from 31
2021/07/03 12:48:35 [notice] 1#1: worker process 31 exited with code 0
2021/07/03 12:48:35 [notice] 1#1: signal 29 (SIGIO) received
2021/07/03 12:48:35 [notice] 1#1: signal 17 (SIGCHLD) received from 32
2021/07/03 12:48:35 [notice] 1#1: worker process 32 exited with code 0
2021/07/03 12:48:35 [notice] 1#1: signal 29 (SIGIO) received
2021/07/03 12:48:35 [notice] 1#1: signal 17 (SIGCHLD) received from 33
2021/07/03 12:48:35 [notice] 1#1: worker process 33 exited with code 0
2021/07/03 12:48:35 [notice] 1#1: signal 29 (SIGIO) received
2021/07/03 12:48:35 [notice] 1#1: signal 17 (SIGCHLD) received from 30
2021/07/03 12:48:35 [notice] 1#1: worker process 30 exited with code 0
2021/07/03 12:48:35 [notice] 1#1: exit
2021/07/03 12:48:55 [notice] 1#1: using the "epoll" event method
2021/07/03 12:48:55 [notice] 1#1: nginx/1.21.0
2021/07/03 12:48:55 [notice] 1#1: built by gcc 8.3.0 (Debian 8.3.0-6) 
2021/07/03 12:48:55 [notice] 1#1: OS: Linux 5.8.0-59-generic
2021/07/03 12:48:55 [notice] 1#1: getrlimit(RLIMIT_NOFILE): 1048576:1048576
2021/07/03 12:48:55 [notice] 1#1: start worker processes
2021/07/03 12:48:55 [notice] 1#1: start worker process 30
2021/07/03 12:48:55 [notice] 1#1: start worker process 31
2021/07/03 12:48:55 [notice] 1#1: start worker process 32
2021/07/03 12:48:55 [notice] 1#1: start worker process 33
2021/07/03 12:53:41 [notice] 1#1: using the "epoll" event method
2021/07/03 12:53:41 [notice] 1#1: nginx/1.21.0
2021/07/03 12:53:41 [notice] 1#1: built by gcc 8.3.0 (Debian 8.3.0-6) 
2021/07/03 12:53:41 [notice] 1#1: OS: Linux 5.8.0-59-generic
2021/07/03 12:53:41 [notice] 1#1: getrlimit(RLIMIT_NOFILE): 1048576:1048576
2021/07/03 12:53:41 [notice] 1#1: start worker processes
2021/07/03 12:53:41 [notice] 1#1: start worker process 31
2021/07/03 12:53:41 [notice] 1#1: start worker process 32
2021/07/03 12:53:41 [notice] 1#1: start worker process 33
2021/07/03 12:53:41 [notice] 1#1: start worker process 34
2021/07/03 22:49:32 [notice] 1#1: using the "epoll" event method
2021/07/03 22:49:32 [notice] 1#1: nginx/1.21.0
2021/07/03 22:49:32 [notice] 1#1: built by gcc 8.3.0 (Debian 8.3.0-6) 
2021/07/03 22:49:32 [notice] 1#1: OS: Linux 5.8.0-59-generic
2021/07/03 22:49:32 [notice] 1#1: getrlimit(RLIMIT_NOFILE): 1048576:1048576
2021/07/03 22:49:32 [notice] 1#1: start worker processes
2021/07/03 22:49:32 [notice] 1#1: start worker process 31
2021/07/03 22:49:32 [notice] 1#1: start worker process 32
2021/07/03 22:49:32 [notice] 1#1: start worker process 33
2021/07/03 22:49:32 [notice] 1#1: start worker process 34
2021/07/03 22:51:50 [notice] 1#1: signal 3 (SIGQUIT) received, shutting down
2021/07/03 22:51:50 [notice] 31#31: gracefully shutting down
2021/07/03 22:51:50 [notice] 31#31: exiting
2021/07/03 22:51:50 [notice] 32#32: gracefully shutting down
2021/07/03 22:51:50 [notice] 31#31: exit
2021/07/03 22:51:50 [notice] 32#32: exiting
2021/07/03 22:51:50 [notice] 32#32: exit
2021/07/03 22:51:50 [notice] 34#34: gracefully shutting down
2021/07/03 22:51:50 [notice] 34#34: exiting
2021/07/03 22:51:50 [notice] 34#34: exit
2021/07/03 22:51:50 [notice] 33#33: gracefully shutting down
2021/07/03 22:51:50 [notice] 33#33: exiting
2021/07/03 22:51:50 [notice] 33#33: exit
2021/07/03 22:51:50 [notice] 1#1: signal 17 (SIGCHLD) received from 31
2021/07/03 22:51:50 [notice] 1#1: worker process 31 exited with code 0
2021/07/03 22:51:50 [notice] 1#1: signal 29 (SIGIO) received
2021/07/03 22:51:50 [notice] 1#1: signal 17 (SIGCHLD) received from 32
2021/07/03 22:51:50 [notice] 1#1: worker process 32 exited with code 0
2021/07/03 22:51:50 [notice] 1#1: signal 29 (SIGIO) received
2021/07/03 22:51:50 [notice] 1#1: signal 17 (SIGCHLD) received from 34
2021/07/03 22:51:50 [notice] 1#1: worker process 34 exited with code 0
2021/07/03 22:51:50 [notice] 1#1: signal 29 (SIGIO) received
2021/07/03 22:51:50 [notice] 1#1: signal 17 (SIGCHLD) received from 33
2021/07/03 22:51:50 [notice] 1#1: worker process 33 exited with code 0
2021/07/03 22:51:50 [notice] 1#1: exit
2021/07/03 23:32:54 [notice] 1#1: using the "epoll" event method
2021/07/03 23:32:54 [notice] 1#1: nginx/1.21.0
2021/07/03 23:32:54 [notice] 1#1: built by gcc 8.3.0 (Debian 8.3.0-6) 
2021/07/03 23:32:54 [notice] 1#1: OS: Linux 5.8.0-59-generic
2021/07/03 23:32:54 [notice] 1#1: getrlimit(RLIMIT_NOFILE): 1048576:1048576
2021/07/03 23:32:54 [notice] 1#1: start worker processes
2021/07/03 23:32:54 [notice] 1#1: start worker process 31
2021/07/03 23:32:54 [notice] 1#1: start worker process 32
2021/07/03 23:32:54 [notice] 1#1: start worker process 33
2021/07/03 23:32:54 [notice] 1#1: start worker process 34
2021/07/07 12:40:54 [notice] 1#1: using the "epoll" event method
2021/07/07 12:40:54 [notice] 1#1: nginx/1.21.0
2021/07/07 12:40:54 [notice] 1#1: built by gcc 8.3.0 (Debian 8.3.0-6) 
2021/07/07 12:40:54 [notice] 1#1: OS: Linux 5.8.0-59-generic
2021/07/07 12:40:54 [notice] 1#1: getrlimit(RLIMIT_NOFILE): 1048576:1048576
2021/07/07 12:40:54 [notice] 1#1: start worker processes
2021/07/07 12:40:54 [notice] 1#1: start worker process 30
2021/07/07 12:40:54 [notice] 1#1: start worker process 31
2021/07/07 12:40:54 [notice] 1#1: start worker process 32
2021/07/07 12:40:54 [notice] 1#1: start worker process 33
2021/07/07 12:42:10 [notice] 1#1: signal 3 (SIGQUIT) received, shutting down
2021/07/07 12:42:10 [notice] 32#32: gracefully shutting down
2021/07/07 12:42:10 [notice] 32#32: exiting
2021/07/07 12:42:10 [notice] 32#32: exit
2021/07/07 12:42:10 [notice] 31#31: gracefully shutting down
2021/07/07 12:42:10 [notice] 31#31: exiting
2021/07/07 12:42:10 [notice] 30#30: gracefully shutting down
2021/07/07 12:42:10 [notice] 31#31: exit
2021/07/07 12:42:10 [notice] 30#30: exiting
2021/07/07 12:42:10 [notice] 30#30: exit
2021/07/07 12:42:10 [notice] 33#33: gracefully shutting down
2021/07/07 12:42:10 [notice] 33#33: exiting
2021/07/07 12:42:10 [notice] 33#33: exit
2021/07/07 12:42:10 [notice] 1#1: signal 17 (SIGCHLD) received from 33
2021/07/07 12:42:10 [notice] 1#1: worker process 33 exited with code 0
2021/07/07 12:42:10 [notice] 1#1: signal 29 (SIGIO) received
2021/07/07 12:42:10 [notice] 1#1: signal 17 (SIGCHLD) received from 30
2021/07/07 12:42:10 [notice] 1#1: worker process 30 exited with code 0
2021/07/07 12:42:10 [notice] 1#1: signal 29 (SIGIO) received
2021/07/07 12:42:10 [notice] 1#1: signal 17 (SIGCHLD) received from 32
2021/07/07 12:42:10 [notice] 1#1: worker process 32 exited with code 0
2021/07/07 12:42:10 [notice] 1#1: signal 29 (SIGIO) received
2021/07/07 12:42:10 [notice] 1#1: signal 17 (SIGCHLD) received from 31
2021/07/07 12:42:10 [notice] 1#1: worker process 31 exited with code 0
2021/07/07 12:42:10 [notice] 1#1: exit
2021/07/07 12:45:26 [notice] 1#1: using the "epoll" event method
2021/07/07 12:45:26 [notice] 1#1: nginx/1.21.0
2021/07/07 12:45:26 [notice] 1#1: built by gcc 8.3.0 (Debian 8.3.0-6) 
2021/07/07 12:45:26 [notice] 1#1: OS: Linux 5.8.0-59-generic
2021/07/07 12:45:26 [notice] 1#1: getrlimit(RLIMIT_NOFILE): 1048576:1048576
2021/07/07 12:45:26 [notice] 1#1: start worker processes
2021/07/07 12:45:26 [notice] 1#1: start worker process 30
2021/07/07 12:45:26 [notice] 1#1: start worker process 31
2021/07/07 12:45:26 [notice] 1#1: start worker process 32
2021/07/07 12:45:26 [notice] 1#1: start worker process 33
2021/07/07 12:45:59 [notice] 1#1: signal 3 (SIGQUIT) received, shutting down
2021/07/07 12:45:59 [notice] 32#32: gracefully shutting down
2021/07/07 12:45:59 [notice] 30#30: gracefully shutting down
2021/07/07 12:45:59 [notice] 32#32: exiting
2021/07/07 12:45:59 [notice] 30#30: exiting
2021/07/07 12:45:59 [notice] 32#32: exit
2021/07/07 12:45:59 [notice] 30#30: exit
2021/07/07 12:45:59 [notice] 31#31: gracefully shutting down
2021/07/07 12:45:59 [notice] 31#31: exiting
2021/07/07 12:45:59 [notice] 31#31: exit
2021/07/07 12:45:59 [notice] 33#33: gracefully shutting down
2021/07/07 12:45:59 [notice] 33#33: exiting
2021/07/07 12:45:59 [notice] 33#33: exit
2021/07/07 12:45:59 [notice] 1#1: signal 17 (SIGCHLD) received from 32
2021/07/07 12:45:59 [notice] 1#1: worker process 32 exited with code 0
2021/07/07 12:45:59 [notice] 1#1: signal 29 (SIGIO) received
2021/07/07 12:45:59 [notice] 1#1: signal 17 (SIGCHLD) received from 31
2021/07/07 12:45:59 [notice] 1#1: worker process 31 exited with code 0
2021/07/07 12:45:59 [notice] 1#1: signal 29 (SIGIO) received
2021/07/07 12:45:59 [notice] 1#1: signal 17 (SIGCHLD) received from 30
2021/07/07 12:45:59 [notice] 1#1: worker process 30 exited with code 0
2021/07/07 12:45:59 [notice] 1#1: signal 29 (SIGIO) received
2021/07/07 12:45:59 [notice] 1#1: signal 17 (SIGCHLD) received from 33
2021/07/07 12:45:59 [notice] 1#1: worker process 33 exited with code 0
2021/07/07 12:45:59 [notice] 1#1: exit
2021/07/07 13:02:25 [notice] 1#1: using the "epoll" event method
2021/07/07 13:02:25 [notice] 1#1: nginx/1.21.0
2021/07/07 13:02:25 [notice] 1#1: built by gcc 8.3.0 (Debian 8.3.0-6) 
2021/07/07 13:02:25 [notice] 1#1: OS: Linux 5.8.0-59-generic
2021/07/07 13:02:25 [notice] 1#1: getrlimit(RLIMIT_NOFILE): 1048576:1048576
2021/07/07 13:02:25 [notice] 1#1: start worker processes
2021/07/07 13:02:25 [notice] 1#1: start worker process 30
2021/07/07 13:02:25 [notice] 1#1: start worker process 31
2021/07/07 13:02:25 [notice] 1#1: start worker process 32
2021/07/07 13:02:25 [notice] 1#1: start worker process 33
2021/07/07 13:54:33 [notice] 1#1: using the "epoll" event method
2021/07/07 13:54:33 [notice] 1#1: nginx/1.21.0
2021/07/07 13:54:33 [notice] 1#1: built by gcc 8.3.0 (Debian 8.3.0-6) 
2021/07/07 13:54:33 [notice] 1#1: OS: Linux 5.8.0-59-generic
2021/07/07 13:54:33 [notice] 1#1: getrlimit(RLIMIT_NOFILE): 1048576:1048576
2021/07/07 13:54:33 [notice] 1#1: start worker processes
2021/07/07 13:54:33 [notice] 1#1: start worker process 30
2021/07/07 13:54:33 [notice] 1#1: start worker process 31
2021/07/07 13:54:33 [notice] 1#1: start worker process 32
2021/07/07 13:54:33 [notice] 1#1: start worker process 33
2021/07/08 12:49:00 [notice] 1#1: using the "epoll" event method
2021/07/08 12:49:00 [notice] 1#1: nginx/1.21.0
2021/07/08 12:49:00 [notice] 1#1: built by gcc 8.3.0 (Debian 8.3.0-6) 
2021/07/08 12:49:00 [notice] 1#1: OS: Linux 5.8.0-59-generic
2021/07/08 12:49:00 [notice] 1#1: getrlimit(RLIMIT_NOFILE): 1048576:1048576
2021/07/08 12:49:00 [notice] 1#1: start worker processes
2021/07/08 12:49:00 [notice] 1#1: start worker process 30
2021/07/08 12:49:00 [notice] 1#1: start worker process 31
2021/07/08 12:49:00 [notice] 1#1: start worker process 32
2021/07/08 12:49:00 [notice] 1#1: start worker process 33
2021/07/08 12:59:28 [notice] 1#1: signal 3 (SIGQUIT) received, shutting down
2021/07/08 12:59:28 [notice] 30#30: gracefully shutting down
2021/07/08 12:59:28 [notice] 33#33: gracefully shutting down
2021/07/08 12:59:28 [notice] 30#30: exiting
2021/07/08 12:59:28 [notice] 33#33: exiting
2021/07/08 12:59:28 [notice] 31#31: gracefully shutting down
2021/07/08 12:59:28 [notice] 31#31: exiting
2021/07/08 12:59:28 [notice] 32#32: gracefully shutting down
2021/07/08 12:59:28 [notice] 32#32: exiting
2021/07/08 12:59:28 [notice] 33#33: exit
2021/07/08 12:59:28 [notice] 32#32: exit
2021/07/08 12:59:28 [notice] 30#30: exit
2021/07/08 12:59:28 [notice] 31#31: exit
2021/07/08 12:59:28 [notice] 1#1: signal 17 (SIGCHLD) received from 33
2021/07/08 12:59:28 [notice] 1#1: worker process 33 exited with code 0
2021/07/08 12:59:28 [notice] 1#1: signal 29 (SIGIO) received
2021/07/08 12:59:28 [notice] 1#1: signal 17 (SIGCHLD) received from 30
2021/07/08 12:59:28 [notice] 1#1: worker process 30 exited with code 0
2021/07/08 12:59:28 [notice] 1#1: worker process 32 exited with code 0
2021/07/08 12:59:28 [notice] 1#1: signal 29 (SIGIO) received
2021/07/08 12:59:28 [notice] 1#1: signal 17 (SIGCHLD) received from 31
2021/07/08 12:59:28 [notice] 1#1: worker process 31 exited with code 0
2021/07/08 12:59:28 [notice] 1#1: exit
2021/07/08 13:00:22 [notice] 1#1: using the "epoll" event method
2021/07/08 13:00:22 [notice] 1#1: nginx/1.21.0
2021/07/08 13:00:22 [notice] 1#1: built by gcc 8.3.0 (Debian 8.3.0-6) 
2021/07/08 13:00:22 [notice] 1#1: OS: Linux 5.8.0-59-generic
2021/07/08 13:00:22 [notice] 1#1: getrlimit(RLIMIT_NOFILE): 1048576:1048576
2021/07/08 13:00:22 [notice] 1#1: start worker processes
2021/07/08 13:00:22 [notice] 1#1: start worker process 31
2021/07/08 13:00:22 [notice] 1#1: start worker process 32
2021/07/08 13:00:22 [notice] 1#1: start worker process 33
2021/07/08 13:00:22 [notice] 1#1: start worker process 34
2021/07/08 16:02:50 [notice] 1#1: using the "epoll" event method
2021/07/08 16:02:50 [notice] 1#1: nginx/1.21.0
2021/07/08 16:02:50 [notice] 1#1: built by gcc 8.3.0 (Debian 8.3.0-6) 
2021/07/08 16:02:50 [notice] 1#1: OS: Linux 5.8.0-59-generic
2021/07/08 16:02:50 [notice] 1#1: getrlimit(RLIMIT_NOFILE): 1048576:1048576
2021/07/08 16:02:50 [notice] 1#1: start worker processes
2021/07/08 16:02:50 [notice] 1#1: start worker process 32
2021/07/08 16:02:50 [notice] 1#1: start worker process 33
2021/07/08 16:02:50 [notice] 1#1: start worker process 34
2021/07/08 16:02:50 [notice] 1#1: start worker process 35
2021/07/08 22:34:33 [notice] 1#1: using the "epoll" event method
2021/07/08 22:34:33 [notice] 1#1: nginx/1.21.0
2021/07/08 22:34:33 [notice] 1#1: built by gcc 8.3.0 (Debian 8.3.0-6) 
2021/07/08 22:34:33 [notice] 1#1: OS: Linux 5.8.0-59-generic
2021/07/08 22:34:33 [notice] 1#1: getrlimit(RLIMIT_NOFILE): 1048576:1048576
2021/07/08 22:34:33 [notice] 1#1: start worker processes
2021/07/08 22:34:33 [notice] 1#1: start worker process 31
2021/07/08 22:34:33 [notice] 1#1: start worker process 32
2021/07/08 22:34:33 [notice] 1#1: start worker process 33
2021/07/08 22:34:33 [notice] 1#1: start worker process 34
2021/07/08 22:40:16 [notice] 1#1: using the "epoll" event method
2021/07/08 22:40:16 [notice] 1#1: nginx/1.21.0
2021/07/08 22:40:16 [notice] 1#1: built by gcc 8.3.0 (Debian 8.3.0-6) 
2021/07/08 22:40:16 [notice] 1#1: OS: Linux 5.8.0-59-generic
2021/07/08 22:40:16 [notice] 1#1: getrlimit(RLIMIT_NOFILE): 1048576:1048576
2021/07/08 22:40:16 [notice] 1#1: start worker processes
2021/07/08 22:40:16 [notice] 1#1: start worker process 30
2021/07/08 22:40:16 [notice] 1#1: start worker process 31
2021/07/08 22:40:16 [notice] 1#1: start worker process 32
2021/07/08 22:40:16 [notice] 1#1: start worker process 33
2021/07/08 22:41:47 [notice] 1#1: signal 3 (SIGQUIT) received, shutting down
2021/07/08 22:41:47 [notice] 33#33: gracefully shutting down
2021/07/08 22:41:47 [notice] 33#33: exiting
2021/07/08 22:41:47 [notice] 33#33: exit
2021/07/08 22:41:47 [notice] 30#30: gracefully shutting down
2021/07/08 22:41:47 [notice] 30#30: exiting
2021/07/08 22:41:47 [notice] 31#31: gracefully shutting down
2021/07/08 22:41:47 [notice] 31#31: exiting
2021/07/08 22:41:47 [notice] 30#30: exit
2021/07/08 22:41:47 [notice] 31#31: exit
2021/07/08 22:41:47 [notice] 32#32: gracefully shutting down
2021/07/08 22:41:47 [notice] 32#32: exiting
2021/07/08 22:41:47 [notice] 32#32: exit
2021/07/08 22:41:48 [notice] 1#1: signal 17 (SIGCHLD) received from 31
2021/07/08 22:41:48 [notice] 1#1: worker process 31 exited with code 0
2021/07/08 22:41:48 [notice] 1#1: signal 29 (SIGIO) received
2021/07/08 22:41:48 [notice] 1#1: signal 17 (SIGCHLD) received from 33
2021/07/08 22:41:48 [notice] 1#1: worker process 33 exited with code 0
2021/07/08 22:41:48 [notice] 1#1: signal 29 (SIGIO) received
2021/07/08 22:41:48 [notice] 1#1: signal 17 (SIGCHLD) received from 30
2021/07/08 22:41:48 [notice] 1#1: worker process 30 exited with code 0
2021/07/08 22:41:48 [notice] 1#1: signal 17 (SIGCHLD) received from 32
2021/07/08 22:41:48 [notice] 1#1: worker process 32 exited with code 0
2021/07/08 22:41:48 [notice] 1#1: exit
2021/07/08 22:42:40 [notice] 1#1: using the "epoll" event method
2021/07/08 22:42:40 [notice] 1#1: nginx/1.21.0
2021/07/08 22:42:40 [notice] 1#1: built by gcc 8.3.0 (Debian 8.3.0-6) 
2021/07/08 22:42:40 [notice] 1#1: OS: Linux 5.8.0-59-generic
2021/07/08 22:42:40 [notice] 1#1: getrlimit(RLIMIT_NOFILE): 1048576:1048576
2021/07/08 22:42:40 [notice] 1#1: start worker processes
2021/07/08 22:42:40 [notice] 1#1: start worker process 30
2021/07/08 22:42:40 [notice] 1#1: start worker process 31
2021/07/08 22:42:40 [notice] 1#1: start worker process 32
2021/07/08 22:42:40 [notice] 1#1: start worker process 33
2021/07/08 22:43:39 [notice] 1#1: signal 3 (SIGQUIT) received, shutting down
2021/07/08 22:43:39 [notice] 32#32: gracefully shutting down
2021/07/08 22:43:39 [notice] 32#32: exiting
2021/07/08 22:43:39 [notice] 32#32: exit
2021/07/08 22:43:39 [notice] 30#30: gracefully shutting down
2021/07/08 22:43:39 [notice] 30#30: exiting
2021/07/08 22:43:39 [notice] 30#30: exit
2021/07/08 22:43:39 [notice] 31#31: gracefully shutting down
2021/07/08 22:43:39 [notice] 31#31: exiting
2021/07/08 22:43:39 [notice] 31#31: exit
2021/07/08 22:43:39 [notice] 33#33: gracefully shutting down
2021/07/08 22:43:39 [notice] 33#33: exiting
2021/07/08 22:43:39 [notice] 33#33: exit
2021/07/08 22:43:39 [notice] 1#1: signal 17 (SIGCHLD) received from 32
2021/07/08 22:43:39 [notice] 1#1: worker process 32 exited with code 0
2021/07/08 22:43:39 [notice] 1#1: signal 29 (SIGIO) received
2021/07/08 22:43:39 [notice] 1#1: signal 17 (SIGCHLD) received from 31
2021/07/08 22:43:39 [notice] 1#1: worker process 31 exited with code 0
2021/07/08 22:43:39 [notice] 1#1: signal 29 (SIGIO) received
2021/07/08 22:43:39 [notice] 1#1: signal 17 (SIGCHLD) received from 33
2021/07/08 22:43:39 [notice] 1#1: worker process 33 exited with code 0
2021/07/08 22:43:39 [notice] 1#1: signal 29 (SIGIO) received
2021/07/08 22:43:39 [notice] 1#1: signal 17 (SIGCHLD) received from 30
2021/07/08 22:43:39 [notice] 1#1: worker process 30 exited with code 0
2021/07/08 22:43:39 [notice] 1#1: exit
2021/07/08 22:44:19 [notice] 1#1: using the "epoll" event method
2021/07/08 22:44:19 [notice] 1#1: nginx/1.21.0
2021/07/08 22:44:19 [notice] 1#1: built by gcc 8.3.0 (Debian 8.3.0-6) 
2021/07/08 22:44:19 [notice] 1#1: OS: Linux 5.8.0-59-generic
2021/07/08 22:44:19 [notice] 1#1: getrlimit(RLIMIT_NOFILE): 1048576:1048576
2021/07/08 22:44:19 [notice] 1#1: start worker processes
2021/07/08 22:44:19 [notice] 1#1: start worker process 30
2021/07/08 22:44:19 [notice] 1#1: start worker process 31
2021/07/08 22:44:19 [notice] 1#1: start worker process 32
2021/07/08 22:44:19 [notice] 1#1: start worker process 33
2021/07/09 09:44:56 [notice] 1#1: using the "epoll" event method
2021/07/09 09:44:56 [notice] 1#1: nginx/1.21.0
2021/07/09 09:44:56 [notice] 1#1: built by gcc 8.3.0 (Debian 8.3.0-6) 
2021/07/09 09:44:56 [notice] 1#1: OS: Linux 5.8.0-59-generic
2021/07/09 09:44:56 [notice] 1#1: getrlimit(RLIMIT_NOFILE): 1048576:1048576
2021/07/09 09:44:56 [notice] 1#1: start worker processes
2021/07/09 09:44:56 [notice] 1#1: start worker process 33
2021/07/09 09:44:56 [notice] 1#1: start worker process 34
2021/07/09 09:44:56 [notice] 1#1: start worker process 35
2021/07/09 09:44:56 [notice] 1#1: start worker process 36
2021/07/09 13:25:37 [notice] 1#1: using the "epoll" event method
2021/07/09 13:25:37 [notice] 1#1: nginx/1.21.0
2021/07/09 13:25:37 [notice] 1#1: built by gcc 8.3.0 (Debian 8.3.0-6) 
2021/07/09 13:25:37 [notice] 1#1: OS: Linux 5.8.0-59-generic
2021/07/09 13:25:37 [notice] 1#1: getrlimit(RLIMIT_NOFILE): 1048576:1048576
2021/07/09 13:25:37 [notice] 1#1: start worker processes
2021/07/09 13:25:37 [notice] 1#1: start worker process 30
2021/07/09 13:25:37 [notice] 1#1: start worker process 31
2021/07/09 13:25:37 [notice] 1#1: start worker process 32
2021/07/09 13:25:37 [notice] 1#1: start worker process 33
2021/07/09 13:37:48 [notice] 1#1: signal 3 (SIGQUIT) received, shutting down
2021/07/09 13:37:48 [notice] 32#32: gracefully shutting down
2021/07/09 13:37:48 [notice] 31#31: gracefully shutting down
2021/07/09 13:37:48 [notice] 32#32: exiting
2021/07/09 13:37:48 [notice] 31#31: exiting
2021/07/09 13:37:48 [notice] 33#33: gracefully shutting down
2021/07/09 13:37:48 [notice] 33#33: exiting
2021/07/09 13:37:48 [notice] 30#30: gracefully shutting down
2021/07/09 13:37:48 [notice] 30#30: exiting
2021/07/09 13:37:48 [notice] 30#30: exit
2021/07/09 13:37:48 [notice] 32#32: exit
2021/07/09 13:37:48 [notice] 31#31: exit
2021/07/09 13:37:48 [notice] 33#33: exit
2021/07/09 13:37:48 [notice] 1#1: signal 17 (SIGCHLD) received from 32
2021/07/09 13:37:48 [notice] 1#1: worker process 32 exited with code 0
2021/07/09 13:37:48 [notice] 1#1: signal 29 (SIGIO) received
2021/07/09 13:37:48 [notice] 1#1: signal 17 (SIGCHLD) received from 33
2021/07/09 13:37:48 [notice] 1#1: worker process 33 exited with code 0
2021/07/09 13:37:48 [notice] 1#1: signal 29 (SIGIO) received
2021/07/09 13:37:48 [notice] 1#1: signal 17 (SIGCHLD) received from 31
2021/07/09 13:37:48 [notice] 1#1: worker process 31 exited with code 0
2021/07/09 13:37:48 [notice] 1#1: signal 29 (SIGIO) received
2021/07/09 13:37:48 [notice] 1#1: signal 17 (SIGCHLD) received from 30
2021/07/09 13:37:48 [notice] 1#1: worker process 30 exited with code 0
2021/07/09 13:37:48 [notice] 1#1: exit
2021/07/09 13:38:08 [notice] 1#1: using the "epoll" event method
2021/07/09 13:38:08 [notice] 1#1: nginx/1.21.0
2021/07/09 13:38:08 [notice] 1#1: built by gcc 8.3.0 (Debian 8.3.0-6) 
2021/07/09 13:38:08 [notice] 1#1: OS: Linux 5.8.0-59-generic
2021/07/09 13:38:08 [notice] 1#1: getrlimit(RLIMIT_NOFILE): 1048576:1048576
2021/07/09 13:38:08 [notice] 1#1: start worker processes
2021/07/09 13:38:08 [notice] 1#1: start worker process 32
2021/07/09 13:38:08 [notice] 1#1: start worker process 33
2021/07/09 13:38:08 [notice] 1#1: start worker process 34
2021/07/09 13:38:08 [notice] 1#1: start worker process 35
2021/07/12 00:14:50 [notice] 1#1: using the "epoll" event method
2021/07/12 00:14:50 [notice] 1#1: nginx/1.21.0
2021/07/12 00:14:50 [notice] 1#1: built by gcc 8.3.0 (Debian 8.3.0-6) 
2021/07/12 00:14:50 [notice] 1#1: OS: Linux 5.8.0-59-generic
2021/07/12 00:14:50 [notice] 1#1: getrlimit(RLIMIT_NOFILE): 1048576:1048576
2021/07/12 00:14:50 [notice] 1#1: start worker processes
2021/07/12 00:14:50 [notice] 1#1: start worker process 30
2021/07/12 00:14:50 [notice] 1#1: start worker process 31
2021/07/12 00:14:50 [notice] 1#1: start worker process 32
2021/07/12 00:14:50 [notice] 1#1: start worker process 33
2021/07/12 12:40:26 [emerg] 1#1: unexpected "}" in /etc/nginx/conf.d/default.conf:18
2021/07/12 12:41:12 [emerg] 1#1: unexpected "}" in /etc/nginx/conf.d/default.conf:18
2021/07/12 12:43:18 [notice] 1#1: using the "epoll" event method
2021/07/12 12:43:18 [notice] 1#1: nginx/1.21.0
2021/07/12 12:43:18 [notice] 1#1: built by gcc 8.3.0 (Debian 8.3.0-6) 
2021/07/12 12:43:18 [notice] 1#1: OS: Linux 5.8.0-59-generic
2021/07/12 12:43:18 [notice] 1#1: getrlimit(RLIMIT_NOFILE): 1048576:1048576
2021/07/12 12:43:18 [notice] 1#1: start worker processes
2021/07/12 12:43:18 [notice] 1#1: start worker process 31
2021/07/12 12:43:18 [notice] 1#1: start worker process 32
2021/07/12 12:43:18 [notice] 1#1: start worker process 33
2021/07/12 12:43:18 [notice] 1#1: start worker process 34
2021/07/17 20:00:08 [notice] 1#1: using the "epoll" event method
2021/07/17 20:00:08 [notice] 1#1: nginx/1.21.0
2021/07/17 20:00:08 [notice] 1#1: built by gcc 8.3.0 (Debian 8.3.0-6) 
2021/07/17 20:00:08 [notice] 1#1: OS: Linux 5.8.0-59-generic
2021/07/17 20:00:08 [notice] 1#1: getrlimit(RLIMIT_NOFILE): 1048576:1048576
2021/07/17 20:00:08 [notice] 1#1: start worker processes
2021/07/17 20:00:08 [notice] 1#1: start worker process 36
2021/07/17 20:00:08 [notice] 1#1: start worker process 37
2021/07/17 20:00:08 [notice] 1#1: start worker process 38
2021/07/17 20:00:08 [notice] 1#1: start worker process 39
2021/07/17 20:13:11 [notice] 1#1: signal 3 (SIGQUIT) received, shutting down
2021/07/17 20:13:11 [notice] 36#36: gracefully shutting down
2021/07/17 20:13:11 [notice] 36#36: exiting
2021/07/17 20:13:11 [notice] 36#36: exit
2021/07/17 20:13:11 [notice] 39#39: gracefully shutting down
2021/07/17 20:13:11 [notice] 39#39: exiting
2021/07/17 20:13:11 [notice] 37#37: gracefully shutting down
2021/07/17 20:13:11 [notice] 37#37: exiting
2021/07/17 20:13:11 [notice] 39#39: exit
2021/07/17 20:13:11 [notice] 37#37: exit
2021/07/17 20:13:11 [notice] 38#38: gracefully shutting down
2021/07/17 20:13:11 [notice] 38#38: exiting
2021/07/17 20:13:11 [notice] 38#38: exit
2021/07/17 20:13:11 [notice] 1#1: signal 17 (SIGCHLD) received from 37
2021/07/17 20:13:11 [notice] 1#1: worker process 37 exited with code 0
2021/07/17 20:13:11 [notice] 1#1: signal 29 (SIGIO) received
2021/07/17 20:13:11 [notice] 1#1: signal 17 (SIGCHLD) received from 36
2021/07/17 20:13:11 [notice] 1#1: worker process 36 exited with code 0
2021/07/17 20:13:11 [notice] 1#1: worker process 38 exited with code 0
2021/07/17 20:13:11 [notice] 1#1: worker process 39 exited with code 0
2021/07/17 20:13:11 [notice] 1#1: exit
2021/07/18 20:09:49 [notice] 1#1: using the "epoll" event method
2021/07/18 20:09:49 [notice] 1#1: nginx/1.21.0
2021/07/18 20:09:49 [notice] 1#1: built by gcc 8.3.0 (Debian 8.3.0-6) 
2021/07/18 20:09:49 [notice] 1#1: OS: Linux 5.8.0-59-generic
2021/07/18 20:09:49 [notice] 1#1: getrlimit(RLIMIT_NOFILE): 1048576:1048576
2021/07/18 20:09:49 [notice] 1#1: start worker processes
2021/07/18 20:09:49 [notice] 1#1: start worker process 30
2021/07/18 20:09:49 [notice] 1#1: start worker process 31
2021/07/18 20:09:49 [notice] 1#1: start worker process 32
2021/07/18 20:09:49 [notice] 1#1: start worker process 33
2021/07/18 20:26:37 [notice] 1#1: signal 3 (SIGQUIT) received, shutting down
2021/07/18 20:26:37 [notice] 33#33: gracefully shutting down
2021/07/18 20:26:37 [notice] 33#33: exiting
2021/07/18 20:26:37 [notice] 32#32: gracefully shutting down
2021/07/18 20:26:37 [notice] 31#31: gracefully shutting down
2021/07/18 20:26:37 [notice] 32#32: exiting
2021/07/18 20:26:37 [notice] 31#31: exiting
2021/07/18 20:26:37 [notice] 33#33: exit
2021/07/18 20:26:37 [notice] 31#31: exit
2021/07/18 20:26:37 [notice] 30#30: gracefully shutting down
2021/07/18 20:26:37 [notice] 30#30: exiting
2021/07/18 20:26:37 [notice] 30#30: exit
2021/07/18 20:26:37 [notice] 32#32: exit
2021/07/18 20:26:37 [notice] 1#1: signal 17 (SIGCHLD) received from 31
2021/07/18 20:26:37 [notice] 1#1: worker process 31 exited with code 0
2021/07/18 20:26:37 [notice] 1#1: signal 29 (SIGIO) received
2021/07/18 20:26:37 [notice] 1#1: signal 17 (SIGCHLD) received from 30
2021/07/18 20:26:37 [notice] 1#1: worker process 30 exited with code 0
2021/07/18 20:26:37 [notice] 1#1: signal 29 (SIGIO) received
2021/07/18 20:26:37 [notice] 1#1: signal 17 (SIGCHLD) received from 32
2021/07/18 20:26:37 [notice] 1#1: worker process 32 exited with code 0
2021/07/18 20:26:37 [notice] 1#1: worker process 33 exited with code 0
2021/07/18 20:26:37 [notice] 1#1: exit
2021/07/18 20:33:14 [notice] 1#1: using the "epoll" event method
2021/07/18 20:33:14 [notice] 1#1: nginx/1.21.0
2021/07/18 20:33:14 [notice] 1#1: built by gcc 8.3.0 (Debian 8.3.0-6) 
2021/07/18 20:33:14 [notice] 1#1: OS: Linux 5.8.0-59-generic
2021/07/18 20:33:14 [notice] 1#1: getrlimit(RLIMIT_NOFILE): 1048576:1048576
2021/07/18 20:33:14 [notice] 1#1: start worker processes
2021/07/18 20:33:14 [notice] 1#1: start worker process 30
2021/07/18 20:33:14 [notice] 1#1: start worker process 31
2021/07/18 20:33:14 [notice] 1#1: start worker process 32
2021/07/18 20:33:14 [notice] 1#1: start worker process 33
2021/07/28 13:34:48 [emerg] 1#1: host not found in upstream "myApp" in /etc/nginx/conf.d/default.conf:9
2021/07/28 13:34:59 [emerg] 1#1: host not found in upstream "myApp" in /etc/nginx/conf.d/default.conf:9
2021/07/28 13:35:09 [emerg] 1#1: host not found in upstream "myApp" in /etc/nginx/conf.d/default.conf:9
2021/07/28 13:35:10 [emerg] 1#1: host not found in upstream "myApp" in /etc/nginx/conf.d/default.conf:9
2021/07/28 13:35:11 [emerg] 1#1: host not found in upstream "myApp" in /etc/nginx/conf.d/default.conf:9
2021/07/28 13:35:12 [emerg] 1#1: host not found in upstream "myApp" in /etc/nginx/conf.d/default.conf:9
2021/07/28 13:35:15 [emerg] 1#1: host not found in upstream "myApp" in /etc/nginx/conf.d/default.conf:9
2021/07/28 13:35:19 [emerg] 1#1: host not found in upstream "myApp" in /etc/nginx/conf.d/default.conf:9
2021/07/28 13:35:26 [emerg] 1#1: host not found in upstream "myApp" in /etc/nginx/conf.d/default.conf:9
2021/07/28 13:35:39 [emerg] 1#1: host not found in upstream "myApp" in /etc/nginx/conf.d/default.conf:9
2021/07/28 13:36:05 [emerg] 1#1: host not found in upstream "myApp" in /etc/nginx/conf.d/default.conf:9
2021/07/28 13:36:57 [notice] 1#1: using the "epoll" event method
2021/07/28 13:36:57 [notice] 1#1: nginx/1.21.1
2021/07/28 13:36:57 [notice] 1#1: built by gcc 8.3.0 (Debian 8.3.0-6) 
2021/07/28 13:36:57 [notice] 1#1: OS: Linux 5.8.0-63-generic
2021/07/28 13:36:57 [notice] 1#1: getrlimit(RLIMIT_NOFILE): 1048576:1048576
2021/07/28 13:36:57 [notice] 1#1: start worker processes
2021/07/28 13:36:57 [notice] 1#1: start worker process 30
2021/07/28 13:36:57 [notice] 1#1: start worker process 31
2021/07/28 13:36:57 [notice] 1#1: start worker process 32
2021/07/28 13:36:57 [notice] 1#1: start worker process 33
2021/07/28 13:36:57 [notice] 1#1: start worker process 34
2021/07/28 13:36:57 [notice] 1#1: start worker process 35
2021/07/28 13:36:57 [notice] 1#1: start worker process 36
2021/07/28 13:36:57 [notice] 1#1: start worker process 37
2021/07/28 13:42:02 [notice] 1#1: signal 3 (SIGQUIT) received, shutting down
2021/07/28 13:42:02 [notice] 30#30: gracefully shutting down
2021/07/28 13:42:02 [notice] 32#32: gracefully shutting down
2021/07/28 13:42:02 [notice] 31#31: gracefully shutting down
2021/07/28 13:42:02 [notice] 34#34: gracefully shutting down
2021/07/28 13:42:02 [notice] 30#30: exiting
2021/07/28 13:42:02 [notice] 32#32: exiting
2021/07/28 13:42:02 [notice] 34#34: exiting
2021/07/28 13:42:02 [notice] 31#31: exiting
2021/07/28 13:42:02 [notice] 36#36: gracefully shutting down
2021/07/28 13:42:02 [notice] 33#33: gracefully shutting down
2021/07/28 13:42:02 [notice] 34#34: exit
2021/07/28 13:42:02 [notice] 32#32: exit
2021/07/28 13:42:02 [notice] 31#31: exit
2021/07/28 13:42:02 [notice] 36#36: exiting
2021/07/28 13:42:02 [notice] 30#30: exit
2021/07/28 13:42:02 [notice] 33#33: exiting
2021/07/28 13:42:02 [notice] 36#36: exit
2021/07/28 13:42:02 [notice] 33#33: exit
2021/07/28 13:42:02 [notice] 37#37: gracefully shutting down
2021/07/28 13:42:02 [notice] 37#37: exiting
2021/07/28 13:42:02 [notice] 35#35: gracefully shutting down
2021/07/28 13:42:02 [notice] 37#37: exit
2021/07/28 13:42:02 [notice] 35#35: exiting
2021/07/28 13:42:02 [notice] 35#35: exit
2021/07/28 13:42:02 [notice] 1#1: signal 17 (SIGCHLD) received from 35
2021/07/28 13:42:02 [notice] 1#1: worker process 35 exited with code 0
2021/07/28 13:42:02 [notice] 1#1: signal 29 (SIGIO) received
2021/07/28 13:42:02 [notice] 1#1: signal 17 (SIGCHLD) received from 34
2021/07/28 13:42:02 [notice] 1#1: worker process 30 exited with code 0
2021/07/28 13:42:02 [notice] 1#1: worker process 33 exited with code 0
2021/07/28 13:42:02 [notice] 1#1: worker process 34 exited with code 0
2021/07/28 13:42:02 [notice] 1#1: worker process 37 exited with code 0
2021/07/28 13:42:02 [notice] 1#1: signal 29 (SIGIO) received
2021/07/28 13:42:02 [notice] 1#1: signal 17 (SIGCHLD) received from 33
2021/07/28 13:42:02 [notice] 1#1: signal 17 (SIGCHLD) received from 36
2021/07/28 13:42:02 [notice] 1#1: worker process 36 exited with code 0
2021/07/28 13:42:02 [notice] 1#1: signal 29 (SIGIO) received
2021/07/28 13:42:02 [notice] 1#1: signal 17 (SIGCHLD) received from 31
2021/07/28 13:42:02 [notice] 1#1: worker process 31 exited with code 0
2021/07/28 13:42:02 [notice] 1#1: worker process 32 exited with code 0
2021/07/28 13:42:02 [notice] 1#1: exit
2021/07/28 15:27:52 [notice] 1#1: using the "epoll" event method
2021/07/28 15:27:52 [notice] 1#1: nginx/1.21.1
2021/07/28 15:27:52 [notice] 1#1: built by gcc 8.3.0 (Debian 8.3.0-6) 
2021/07/28 15:27:52 [notice] 1#1: OS: Linux 5.8.0-63-generic
2021/07/28 15:27:52 [notice] 1#1: getrlimit(RLIMIT_NOFILE): 1048576:1048576
2021/07/28 15:27:52 [notice] 1#1: start worker processes
2021/07/28 15:27:52 [notice] 1#1: start worker process 30
2021/07/28 15:27:52 [notice] 1#1: start worker process 31
2021/07/28 15:27:52 [notice] 1#1: start worker process 32
2021/07/28 15:27:52 [notice] 1#1: start worker process 33
2021/07/28 15:27:52 [notice] 1#1: start worker process 34
2021/07/28 15:27:52 [notice] 1#1: start worker process 35
2021/07/28 15:27:52 [notice] 1#1: start worker process 36
2021/07/28 15:27:52 [notice] 1#1: start worker process 37
2021/07/28 15:29:41 [notice] 1#1: signal 3 (SIGQUIT) received, shutting down
2021/07/28 15:29:41 [notice] 30#30: gracefully shutting down
2021/07/28 15:29:41 [notice] 33#33: gracefully shutting down
2021/07/28 15:29:41 [notice] 31#31: gracefully shutting down
2021/07/28 15:29:41 [notice] 32#32: gracefully shutting down
2021/07/28 15:29:41 [notice] 35#35: gracefully shutting down
2021/07/28 15:29:41 [notice] 33#33: exiting
2021/07/28 15:29:41 [notice] 30#30: exiting
2021/07/28 15:29:41 [notice] 31#31: exiting
2021/07/28 15:29:41 [notice] 35#35: exiting
2021/07/28 15:29:41 [notice] 32#32: exiting
2021/07/28 15:29:41 [notice] 33#33: exit
2021/07/28 15:29:41 [notice] 31#31: exit
2021/07/28 15:29:41 [notice] 30#30: exit
2021/07/28 15:29:41 [notice] 35#35: exit
2021/07/28 15:29:41 [notice] 32#32: exit
2021/07/28 15:29:41 [notice] 34#34: gracefully shutting down
2021/07/28 15:29:41 [notice] 34#34: exiting
2021/07/28 15:29:41 [notice] 34#34: exit
2021/07/28 15:29:41 [notice] 36#36: gracefully shutting down
2021/07/28 15:29:41 [notice] 36#36: exiting
2021/07/28 15:29:41 [notice] 36#36: exit
2021/07/28 15:29:41 [notice] 37#37: gracefully shutting down
2021/07/28 15:29:41 [notice] 37#37: exiting
2021/07/28 15:29:41 [notice] 37#37: exit
2021/07/28 15:29:41 [notice] 1#1: signal 17 (SIGCHLD) received from 36
2021/07/28 15:29:41 [notice] 1#1: worker process 36 exited with code 0
2021/07/28 15:29:41 [notice] 1#1: signal 29 (SIGIO) received
2021/07/28 15:29:41 [notice] 1#1: signal 17 (SIGCHLD) received from 37
2021/07/28 15:29:41 [notice] 1#1: worker process 32 exited with code 0
2021/07/28 15:29:41 [notice] 1#1: worker process 37 exited with code 0
2021/07/28 15:29:41 [notice] 1#1: signal 29 (SIGIO) received
2021/07/28 15:29:41 [notice] 1#1: signal 17 (SIGCHLD) received from 30
2021/07/28 15:29:41 [notice] 1#1: worker process 30 exited with code 0
2021/07/28 15:29:41 [notice] 1#1: worker process 35 exited with code 0
2021/07/28 15:29:41 [notice] 1#1: signal 29 (SIGIO) received
2021/07/28 15:29:41 [notice] 1#1: signal 17 (SIGCHLD) received from 35
2021/07/28 15:29:41 [notice] 1#1: signal 17 (SIGCHLD) received from 33
2021/07/28 15:29:41 [notice] 1#1: worker process 33 exited with code 0
2021/07/28 15:29:41 [notice] 1#1: signal 29 (SIGIO) received
2021/07/28 15:29:41 [notice] 1#1: signal 17 (SIGCHLD) received from 31
2021/07/28 15:29:41 [notice] 1#1: worker process 31 exited with code 0
2021/07/28 15:29:41 [notice] 1#1: worker process 34 exited with code 0
2021/07/28 15:29:41 [notice] 1#1: exit
2021/07/28 15:29:43 [notice] 1#1: using the "epoll" event method
2021/07/28 15:29:43 [notice] 1#1: nginx/1.21.1
2021/07/28 15:29:43 [notice] 1#1: built by gcc 8.3.0 (Debian 8.3.0-6) 
2021/07/28 15:29:43 [notice] 1#1: OS: Linux 5.8.0-63-generic
2021/07/28 15:29:43 [notice] 1#1: getrlimit(RLIMIT_NOFILE): 1048576:1048576
2021/07/28 15:29:43 [notice] 1#1: start worker processes
2021/07/28 15:29:43 [notice] 1#1: start worker process 31
2021/07/28 15:29:43 [notice] 1#1: start worker process 32
2021/07/28 15:29:43 [notice] 1#1: start worker process 33
2021/07/28 15:29:43 [notice] 1#1: start worker process 34
2021/07/28 15:29:43 [notice] 1#1: start worker process 35
2021/07/28 15:29:43 [notice] 1#1: start worker process 36
2021/07/28 15:29:43 [notice] 1#1: start worker process 37
2021/07/28 15:29:43 [notice] 1#1: start worker process 38
